  Building Custom Rule D:/STUDIUM/Term4/Project/Repo/OpenIGTLink/Source/CMakeLists.txt
  igtl_header.c
  igtl_image.c
  igtl_transform.c
  igtl_status.c
  igtl_util.c
  igtl_position.c
  igtl_capability.c
  igtl_colortable.c
  igtl_imgmeta.c
  igtl_lbmeta.c
  igtl_point.c
  igtl_tdata.c
  igtl_qtdata.c
  igtl_trajectory.c
  igtl_unit.c
  igtl_sensor.c
  igtl_string.c
  igtl_ndarray.c
  igtl_bind.c
  igtl_qtrans.c
  igtl_polydata.c
  igtl_command.c
  igtl_query.c
  igtlClientSocket.cxx
  igtlCapabilityMessage.cxx
  igtlConditionVariable.cxx
  igtlFastMutexLock.cxx
  igtlImageMessage.cxx
  igtlImageMessage2.cxx
  igtlLightObject.cxx
  igtlMath.cxx
  igtlMessageBase.cxx
  igtlMessageFactory.cxx
  igtlMultiThreader.cxx
  igtlMutexLock.cxx
  igtlOSUtil.cxx
  igtlObject.cxx
  igtlObjectFactoryBase.cxx
  igtlPositionMessage.cxx
  igtlServerSocket.cxx
  igtlSessionManager.cxx
  igtlSimpleFastMutexLock.cxx
  igtlSocket.cxx
  igtlStatusMessage.cxx
  igtlTimeStamp.cxx
  igtlTransformMessage.cxx
  igtlColorTableMessage.cxx
  igtlImageMetaMessage.cxx
  igtlLabelMetaMessage.cxx
  igtlPointMessage.cxx
  igtlTrackingDataMessage.cxx
  igtlPolyDataMessage.cxx
  igtlQuaternionTrackingDataMessage.cxx
  igtlTrajectoryMessage.cxx
D:\STUDIUM\Term4\Project\Repo\OpenIGTLink\Source\igtlMessageBase.cxx(196,70): warning C4267: 'return': conversion from 'size_t' to 'igtlUint16', possible loss of data
D:\STUDIUM\Term4\Project\Repo\OpenIGTLink\Source\igtlMessageBase.cxx(373,42): warning C4267: '=': conversion from 'size_t' to 'igtl_uint16', possible loss of data
D:\STUDIUM\Term4\Project\Repo\OpenIGTLink\Source\igtlMessageBase.cxx(916,38): warning C4805: '&=': unsafe mix of type 'bool' and type 'int' in operation
D:\STUDIUM\Term4\Project\Repo\OpenIGTLink\Source\igtlMessageBase.cxx(916,38): warning C4805: '&': unsafe mix of type 'bool' and type 'int' in operation
  igtlStringMessage.cxx
  igtlUnit.cxx
  igtlSensorMessage.cxx
  igtlBindMessage.cxx
  igtlNDArrayMessage.cxx
  igtlCommandMessage.cxx
  igtlQueryMessage.cxx
  igtlMessageRTPWrapper.cxx
  igtlGeneralSocket.cxx
  igtlUDPClientSocket.cxx
  igtlUDPServerSocket.cxx
D:\STUDIUM\Term4\Project\Repo\OpenIGTLink\Source\igtlNDArrayMessage.cxx(112,18): warning C4267: 'initializing': conversion from 'size_t' to 'igtlUint16', possible loss of data
D:\STUDIUM\Term4\Project\Repo\OpenIGTLink\Source\igtlBindMessage.cxx(211,66): warning C4267: 'argument': conversion from 'size_t' to 'igtl_uint16', possible loss of data
D:\STUDIUM\Term4\Project\Repo\OpenIGTLink\Source\igtlBindMessage.cxx(342,66): warning C4267: 'argument': conversion from 'size_t' to 'igtl_uint16', possible loss of data
D:\STUDIUM\Term4\Project\Repo\OpenIGTLink\Source\igtlBindMessage.cxx(453,66): warning C4267: 'argument': conversion from 'size_t' to 'igtl_uint16', possible loss of data
     Creating library D:/STUDIUM/Term4/Project/Repo/OpenIGTLink-build/lib/Debug/OpenIGTLink.lib and object D:/STUDIUM/Term4/Project/Repo/OpenIGTLink-build/lib/Debug/OpenIGTLink.exp
  OpenIGTLink.vcxproj -> D:\STUDIUM\Term4\Project\Repo\OpenIGTLink-build\bin\Debug\OpenIGTLink.dll
