d:\studium\term4\project\repo\openigtlink-build\source\openigtlink.dir\debug\igtlobjectfactorybase.obj
d:\studium\term4\project\repo\openigtlink-build\source\openigtlink.dir\debug\igtltrajectorymessage.obj
d:\studium\term4\project\repo\openigtlink-build\source\openigtlink.dir\debug\igtlpositionmessage.obj
d:\studium\term4\project\repo\openigtlink-build\source\openigtlink.dir\debug\igtlimagemetamessage.obj
d:\studium\term4\project\repo\openigtlink-build\source\openigtlink.dir\debug\igtludpclientsocket.obj
d:\studium\term4\project\repo\openigtlink-build\source\openigtlink.dir\debug\igtlcapabilitymessage.obj
d:\studium\term4\project\repo\openigtlink-build\source\openigtlink.dir\debug\igtlpointmessage.obj
d:\studium\term4\project\repo\openigtlink-build\source\openigtlink.dir\debug\igtlclientsocket.obj
d:\studium\term4\project\repo\openigtlink-build\source\openigtlink.dir\debug\igtltransformmessage.obj
d:\studium\term4\project\repo\openigtlink-build\source\openigtlink.dir\debug\igtlgeneralsocket.obj
d:\studium\term4\project\repo\openigtlink-build\source\openigtlink.dir\debug\igtlimagemessage2.obj
d:\studium\term4\project\repo\openigtlink-build\source\openigtlink.dir\debug\igtltrackingdatamessage.obj
d:\studium\term4\project\repo\openigtlink-build\source\openigtlink.dir\debug\igtludpserversocket.obj
d:\studium\term4\project\repo\openigtlink-build\source\openigtlink.dir\debug\igtlmath.obj
d:\studium\term4\project\repo\openigtlink-build\source\openigtlink.dir\debug\igtlsessionmanager.obj
d:\studium\term4\project\repo\openigtlink-build\source\openigtlink.dir\debug\igtlndarraymessage.obj
d:\studium\term4\project\repo\openigtlink-build\source\openigtlink.dir\debug\igtlmessagebase.obj
d:\studium\term4\project\repo\openigtlink-build\source\openigtlink.dir\debug\igtlquaterniontrackingdatamessage.obj
d:\studium\term4\project\repo\openigtlink-build\source\openigtlink.dir\debug\igtlmultithreader.obj
d:\studium\term4\project\repo\openigtlink-build\source\openigtlink.dir\debug\igtlpolydatamessage.obj
d:\studium\term4\project\repo\openigtlink-build\source\openigtlink.dir\debug\igtlfastmutexlock.obj
d:\studium\term4\project\repo\openigtlink-build\source\openigtlink.dir\debug\igtlstatusmessage.obj
d:\studium\term4\project\repo\openigtlink-build\source\openigtlink.dir\debug\igtlquerymessage.obj
d:\studium\term4\project\repo\openigtlink-build\source\openigtlink.dir\debug\igtlmutexlock.obj
d:\studium\term4\project\repo\openigtlink-build\source\openigtlink.dir\debug\igtlsocket.obj
d:\studium\term4\project\repo\openigtlink-build\source\openigtlink.dir\debug\igtlbindmessage.obj
d:\studium\term4\project\repo\openigtlink-build\source\openigtlink.dir\debug\igtlobject.obj
d:\studium\term4\project\repo\openigtlink-build\source\openigtlink.dir\debug\igtlcolortablemessage.obj
d:\studium\term4\project\repo\openigtlink-build\source\openigtlink.dir\debug\igtlcommandmessage.obj
d:\studium\term4\project\repo\openigtlink-build\source\openigtlink.dir\debug\igtlimagemessage.obj
d:\studium\term4\project\repo\openigtlink-build\source\openigtlink.dir\debug\igtllabelmetamessage.obj
d:\studium\term4\project\repo\openigtlink-build\source\openigtlink.dir\debug\igtlosutil.obj
d:\studium\term4\project\repo\openigtlink-build\source\openigtlink.dir\debug\igtlserversocket.obj
d:\studium\term4\project\repo\openigtlink-build\source\openigtlink.dir\debug\igtlunit.obj
d:\studium\term4\project\repo\openigtlink-build\source\openigtlink.dir\debug\igtlconditionvariable.obj
d:\studium\term4\project\repo\openigtlink-build\source\openigtlink.dir\debug\igtlsimplefastmutexlock.obj
d:\studium\term4\project\repo\openigtlink-build\source\openigtlink.dir\debug\igtlsensormessage.obj
d:\studium\term4\project\repo\openigtlink-build\source\openigtlink.dir\debug\igtllightobject.obj
d:\studium\term4\project\repo\openigtlink-build\source\openigtlink.dir\debug\igtltimestamp.obj
d:\studium\term4\project\repo\openigtlink-build\source\openigtlink.dir\debug\igtlmessagertpwrapper.obj
d:\studium\term4\project\repo\openigtlink-build\source\openigtlink.dir\debug\igtlmessagefactory.obj
d:\studium\term4\project\repo\openigtlink-build\source\openigtlink.dir\debug\igtlstringmessage.obj
d:\studium\term4\project\repo\openigtlink-build\source\openigtlink.dir\debug\igtl_lbmeta.obj
d:\studium\term4\project\repo\openigtlink-build\source\openigtlink.dir\debug\igtl_polydata.obj
d:\studium\term4\project\repo\openigtlink-build\source\openigtlink.dir\debug\igtl_trajectory.obj
d:\studium\term4\project\repo\openigtlink-build\source\openigtlink.dir\debug\igtl_ndarray.obj
d:\studium\term4\project\repo\openigtlink-build\source\openigtlink.dir\debug\igtl_header.obj
d:\studium\term4\project\repo\openigtlink-build\source\openigtlink.dir\debug\igtl_capability.obj
d:\studium\term4\project\repo\openigtlink-build\source\openigtlink.dir\debug\igtl_position.obj
d:\studium\term4\project\repo\openigtlink-build\source\openigtlink.dir\debug\igtl_util.obj
d:\studium\term4\project\repo\openigtlink-build\source\openigtlink.dir\debug\igtl_tdata.obj
d:\studium\term4\project\repo\openigtlink-build\source\openigtlink.dir\debug\igtl_point.obj
d:\studium\term4\project\repo\openigtlink-build\source\openigtlink.dir\debug\igtl_qtrans.obj
d:\studium\term4\project\repo\openigtlink-build\source\openigtlink.dir\debug\igtl_qtdata.obj
d:\studium\term4\project\repo\openigtlink-build\source\openigtlink.dir\debug\igtl_string.obj
d:\studium\term4\project\repo\openigtlink-build\source\openigtlink.dir\debug\igtl_sensor.obj
d:\studium\term4\project\repo\openigtlink-build\source\openigtlink.dir\debug\igtl_imgmeta.obj
d:\studium\term4\project\repo\openigtlink-build\source\openigtlink.dir\debug\igtl_query.obj
d:\studium\term4\project\repo\openigtlink-build\source\openigtlink.dir\debug\igtl_transform.obj
d:\studium\term4\project\repo\openigtlink-build\source\openigtlink.dir\debug\igtl_bind.obj
d:\studium\term4\project\repo\openigtlink-build\source\openigtlink.dir\debug\igtl_colortable.obj
d:\studium\term4\project\repo\openigtlink-build\source\openigtlink.dir\debug\igtl_command.obj
d:\studium\term4\project\repo\openigtlink-build\source\openigtlink.dir\debug\igtl_unit.obj
d:\studium\term4\project\repo\openigtlink-build\source\openigtlink.dir\debug\igtl_image.obj
d:\studium\term4\project\repo\openigtlink-build\source\openigtlink.dir\debug\igtl_status.obj
d:\studium\term4\project\repo\openigtlink-build\source\openigtlink.dir\debug\vc143.pdb
d:\studium\term4\project\repo\openigtlink-build\source\cmakefiles\generate.stamp
d:\studium\term4\project\repo\openigtlink-build\bin\debug\openigtlink.dll
d:\studium\term4\project\repo\openigtlink-build\bin\debug\openigtlink.pdb
d:\studium\term4\project\repo\openigtlink-build\lib\debug\openigtlink.lib
d:\studium\term4\project\repo\openigtlink-build\lib\debug\openigtlink.exp
d:\studium\term4\project\repo\openigtlink-build\source\openigtlink.dir\debug\openigtlink.ilk
d:\studium\term4\project\repo\openigtlink-build\source\openigtlink.dir\debug\openigtlink.tlog\cl.11352.write.1.tlog
d:\studium\term4\project\repo\openigtlink-build\source\openigtlink.dir\debug\openigtlink.tlog\cl.command.1.tlog
d:\studium\term4\project\repo\openigtlink-build\source\openigtlink.dir\debug\openigtlink.tlog\cl.items.tlog
d:\studium\term4\project\repo\openigtlink-build\source\openigtlink.dir\debug\openigtlink.tlog\cl.read.1.tlog
d:\studium\term4\project\repo\openigtlink-build\source\openigtlink.dir\debug\openigtlink.tlog\custombuild.command.1.tlog
d:\studium\term4\project\repo\openigtlink-build\source\openigtlink.dir\debug\openigtlink.tlog\custombuild.read.1.tlog
d:\studium\term4\project\repo\openigtlink-build\source\openigtlink.dir\debug\openigtlink.tlog\custombuild.write.1.tlog
d:\studium\term4\project\repo\openigtlink-build\source\openigtlink.dir\debug\openigtlink.tlog\link.command.1.tlog
d:\studium\term4\project\repo\openigtlink-build\source\openigtlink.dir\debug\openigtlink.tlog\link.read.1.tlog
d:\studium\term4\project\repo\openigtlink-build\source\openigtlink.dir\debug\openigtlink.tlog\link.secondary.1.tlog
d:\studium\term4\project\repo\openigtlink-build\source\openigtlink.dir\debug\openigtlink.tlog\link.write.1.tlog
