CUSTOMBUILD : warning : Tag 'USE_WINDOWS_ENCODING' at line 65 of file 'D:/STUDIUM/Term4/Project/Repo/OpenIGTLink-build/Utilities/Doxygen/doxygen.config' has become obsolete.
           To avoid this warning please remove this line from your configuration file or upgrade it using "doxygen -u"
CUSTOMBUILD : warning : Tag 'DETAILS_AT_TOP' at line 157 of file 'D:/STUDIUM/Term4/Project/Repo/OpenIGTLink-build/Utilities/Doxygen/doxygen.config' has become obsolete.
           To avoid this warning please remove this line from your configuration file or upgrade it using "doxygen -u"
CUSTOMBUILD : warning : Tag 'SHOW_DIRECTORIES' at line 382 of file 'D:/STUDIUM/Term4/Project/Repo/OpenIGTLink-build/Utilities/Doxygen/doxygen.config' has become obsolete.
           To avoid this warning please remove this line from your configuration file or upgrade it using "doxygen -u"
CUSTOMBUILD : warning : Tag 'COLS_IN_ALPHA_INDEX' at line 621 of file 'D:/STUDIUM/Term4/Project/Repo/OpenIGTLink-build/Utilities/Doxygen/doxygen.config' has become obsolete.
           To avoid this warning please remove this line from your configuration file or upgrade it using "doxygen -u"
CUSTOMBUILD : warning : Tag 'HTML_ALIGN_MEMBERS' at line 676 of file 'D:/STUDIUM/Term4/Project/Repo/OpenIGTLink-build/Utilities/Doxygen/doxygen.config' has become obsolete.
           To avoid this warning please remove this line from your configuration file or upgrade it using "doxygen -u"
CUSTOMBUILD : warning : Tag 'XML_SCHEMA' at line 908 of file 'D:/STUDIUM/Term4/Project/Repo/OpenIGTLink-build/Utilities/Doxygen/doxygen.config' has become obsolete.
           To avoid this warning please remove this line from your configuration file or upgrade it using "doxygen -u"
CUSTOMBUILD : warning : Tag 'XML_DTD' at line 914 of file 'D:/STUDIUM/Term4/Project/Repo/OpenIGTLink-build/Utilities/Doxygen/doxygen.config' has become obsolete.
           To avoid this warning please remove this line from your configuration file or upgrade it using "doxygen -u"
CUSTOMBUILD : warning : Invalid value for 'PREDEFINED' tag at line 1121, file D:/STUDIUM/Term4/Project/Repo/OpenIGTLink-build/Utilities/Doxygen/doxygen.config: Values in list '"itkNotUsed(x)="                "itkSetMacro(name,type)=                    virtual void Set##name (type _arg);"                 "itkGetMacro(name,type)=                    virtual type Get##name ();"                 "itkGetConstMacro(name,type)=                    virtual type Get##name () const;"                 "itkSetStringMacro(name)=                    virtual void Set##name (const char* _arg);"                 "itkGetStringMacro(name)=                    virtual const char* Get##name () const;"                 "itkSetClampMacro(name,type,min,max)=                    virtual void Set##name (type _arg);"                 "itkSetObjectMacro(name,type)=                    virtual void Set##name (type* _arg);"                 "itkGetObjectMacro(name,type)=                    virtual type* Get##name ();"                 "itkSetConstObjectMacro(name,type)=                    virtual void Set##name ( const type* _arg);"                 "itkGetConstObjectMacro(name,type)=                    virtual const type* Get##name ();"                 "itkGetConstReferenceMacro(name,type)=                    virtual const type& Get##name ();"                 "itkGetConstReferenceObjectMacro(name,type)=                    virtual const type::Pointer& Get##name () const;"                 "itkBooleanMacro(name)=                    virtual void name##On ();                    virtual void name##Off ();"                 "itkSetVector2Macro(name,type)=                    virtual void Set##name (type _arg1, type _arg2)                    virtual void Set##name (type _arg[2]);"                 "itkGetVector2Macro(name,type)=                    virtual type* Get##name () const;                    virtual void Get##name (type& _arg1, type& _arg2) const;                    virtual void Get##name (type _arg[2]) const;"                 "itkSetVector3Macro(name,type)=                    virtual void Set##name (type _arg1, type _arg2, type _arg3)                    virtual void Set##name (type _arg[3]);"                 "itkGetVector3Macro(name,type)=                    virtual type* Get##name () const;                    virtual void Get##name (type& _arg1, type& _arg2, type& _arg3) const;                    virtual void Get##name (type _arg[3]) const;"                 "itkSetVector4Macro(name,type)=                    virtual void Set##name (type _arg1, type _arg2, type _arg3, type _arg4)                    virtual void Set##name (type _arg[4]);"                 "itkGetVector4Macro(name,type)=                    virtual type* Get##name () const;                    virtual void Get##name (type& _arg1, type& _arg2, type& _arg3, type& _arg4) const;                    virtual void Get##name (type _arg[4]) const;"                 "itkSetVector6Macro(name,type)=                    virtual void Set##name (type _arg1, type _arg2, type _arg3, type _arg4, type _arg5, type _arg6)                    virtual void Set##name (type _arg[6]);"                 "itkGetVector6Macro(name,type)=                    virtual type* Get##name () const;                    virtual void Get##name (type& _arg1, type& _arg2, type& _arg3, type& _arg4, type& _arg5, type& _arg6) const;                    virtual void Get##name (type _arg[6]) const;"                 "itkSetVectorMacro(name,type,count)=                    virtual void Set##name(type data[]);"                 "itkGetVectorMacro(name,type,count)=                    virtual type* Get##name () const;"                 "itkNewMacro(type)=                    static Pointer New();"                 "itkTypeMacro(thisClass,superclass)=                    virtual const char *GetNameOfClass() const;"                 "itkEventMacro(thisClass,superclass)=                    class thisClass : public superclass {};"                 "itkConceptMacro(thisName,thisConcept)=                    /** This class requires thisName                        in the form of thisConcept */                      typedef thisConcept thisName;"                 "vcl_numeric_limits=                    std::numeric_limits"                 "OpenIGTLink_TYPENAME=                    typename"                 "FEM_ABSTRACT_CLASS(thisClass,parentClass)=                    public:                                                                    /** Standard "Self" typedef.*/                                           typedef thisClass Self;                                                  /** Standard "Superclass" typedef. */                                    typedef parentClass Superclass;                                          /** Pointer or SmartPointer to an object. */                             typedef Self* Pointer;                                                   /** Const pointer or SmartPointer to an object. */                       typedef const Self* ConstPointer;                                      private:"                                                             "FEM_CLASS(thisClass,parentClass)=                    FEM_ABSTRACT_CLASS(thisClass,parentClass)                                public:                                                                    /** Create a new object from the existing one  */                        virtual Baseclass::Pointer Clone() const;                                /** Class ID for FEM object factory */                                   static const int CLID;                                                   /** Virtual function to access the class ID */                           virtual int ClassID() const                                                { return CLID; }                                                       /** Object creation in an itk compatible way */                          static Self::Pointer New()                                                 { return new Self(); }                                               private:"                                              		"FREEVERSION" "ERROR_CHECKING"                                           "HAS_TIFF" "HAS_JPEG" "HAS_NETLIB" "HAS_PNG" "HAS_ZLIB"                  "HAS_GLUT" "HAS_QT"                                                     "VCL_USE_NATIVE_STL=1" "VCL_USE_NATIVE_COMPLEX=1"                        "VCL_HAS_BOOL=1" "VXL_BIG_ENDIAN=1" "VXL_LITTLE_ENDIAN=0"                "VNL_DLL_DATA=" "size_t=vcl_size_t"' are not properly space separated
CUSTOMBUILD : warning : Tag 'PERL_PATH' at line 1180 of file 'D:/STUDIUM/Term4/Project/Repo/OpenIGTLink-build/Utilities/Doxygen/doxygen.config' has become obsolete.
           To avoid this warning please remove this line from your configuration file or upgrade it using "doxygen -u"
CUSTOMBUILD : warning : Tag 'CLASS_DIAGRAMS' at line 1193 of file 'D:/STUDIUM/Term4/Project/Repo/OpenIGTLink-build/Utilities/Doxygen/doxygen.config' has become obsolete.
           To avoid this warning please remove this line from your configuration file or upgrade it using "doxygen -u"
CUSTOMBUILD : warning : Tag 'MAX_DOT_GRAPH_WIDTH' at line 1295 of file 'D:/STUDIUM/Term4/Project/Repo/OpenIGTLink-build/Utilities/Doxygen/doxygen.config' has become obsolete.
           To avoid this warning please remove this line from your configuration file or upgrade it using "doxygen -u"
CUSTOMBUILD : warning : Tag 'MAX_DOT_GRAPH_HEIGHT' at line 1303 of file 'D:/STUDIUM/Term4/Project/Repo/OpenIGTLink-build/Utilities/Doxygen/doxygen.config' has become obsolete.
           To avoid this warning please remove this line from your configuration file or upgrade it using "doxygen -u"
CUSTOMBUILD : warning : Tag 'DOT_TRANSPARENT' at line 1323 of file 'D:/STUDIUM/Term4/Project/Repo/OpenIGTLink-build/Utilities/Doxygen/doxygen.config' has become obsolete.
           To avoid this warning please remove this line from your configuration file or upgrade it using "doxygen -u"
CUSTOMBUILD : warning : source 'D:/STUDIUM/Term4/Project/Repo/OpenIGTLink/Testing/Code' is not a readable file or directory... skipping.
  Doxygen version used: 1.14.0 (cbe58f6237b2238c9af7f51c6b7afb8bbf52c866)
  Searching for include files...
  Searching for example files...
  Searching for files in directory D:/STUDIUM/Term4/Project/Repo/OpenIGTLink/Examples
  Searching for files in directory D:/STUDIUM/Term4/Project/Repo/OpenIGTLink/Examples/Bind
  Searching for files in directory D:/STUDIUM/Term4/Project/Repo/OpenIGTLink/Examples/Capability
  Searching for files in directory D:/STUDIUM/Term4/Project/Repo/OpenIGTLink/Examples/ImageDatabaseServer
  Searching for files in directory D:/STUDIUM/Term4/Project/Repo/OpenIGTLink/Examples/ImageMeta
  Searching for files in directory D:/STUDIUM/Term4/Project/Repo/OpenIGTLink/Examples/Imager
  Searching for files in directory D:/STUDIUM/Term4/Project/Repo/OpenIGTLink/Examples/Imager/img
  Searching for files in directory D:/STUDIUM/Term4/Project/Repo/OpenIGTLink/Examples/Point
  Searching for files in directory D:/STUDIUM/Term4/Project/Repo/OpenIGTLink/Examples/PolyData
  Searching for files in directory D:/STUDIUM/Term4/Project/Repo/OpenIGTLink/Examples/QuaternionTrackingData
  Searching for files in directory D:/STUDIUM/Term4/Project/Repo/OpenIGTLink/Examples/Receiver
  Searching for files in directory D:/STUDIUM/Term4/Project/Repo/OpenIGTLink/Examples/SampleUDPProgam
  Searching for files in directory D:/STUDIUM/Term4/Project/Repo/OpenIGTLink/Examples/SessionManager
  Searching for files in directory D:/STUDIUM/Term4/Project/Repo/OpenIGTLink/Examples/Status
  Searching for files in directory D:/STUDIUM/Term4/Project/Repo/OpenIGTLink/Examples/String
  Searching for files in directory D:/STUDIUM/Term4/Project/Repo/OpenIGTLink/Examples/Thread
  Searching for files in directory D:/STUDIUM/Term4/Project/Repo/OpenIGTLink/Examples/Tracker
  Searching for files in directory D:/STUDIUM/Term4/Project/Repo/OpenIGTLink/Examples/TrackingData
  Searching for files in directory D:/STUDIUM/Term4/Project/Repo/OpenIGTLink/Examples/TrackingDataUDPTransfer
  Searching for files in directory D:/STUDIUM/Term4/Project/Repo/OpenIGTLink/Examples/Trajectory
  Searching for files in directory D:/STUDIUM/Term4/Project/Repo/OpenIGTLink/Examples/VideoStreaming
  Searching for files in directory D:/STUDIUM/Term4/Project/Repo/OpenIGTLink/Examples/WebSocket
  Searching for files in directory D:/STUDIUM/Term4/Project/Repo/OpenIGTLink/Examples
  Searching for files in directory D:/STUDIUM/Term4/Project/Repo/OpenIGTLink/Examples/Bind
  Searching for files in directory D:/STUDIUM/Term4/Project/Repo/OpenIGTLink/Examples/Capability
  Searching for files in directory D:/STUDIUM/Term4/Project/Repo/OpenIGTLink/Examples/ImageDatabaseServer
  Searching for files in directory D:/STUDIUM/Term4/Project/Repo/OpenIGTLink/Examples/ImageMeta
  Searching for files in directory D:/STUDIUM/Term4/Project/Repo/OpenIGTLink/Examples/Imager
  Searching for files in directory D:/STUDIUM/Term4/Project/Repo/OpenIGTLink/Examples/Imager/img
  Searching for files in directory D:/STUDIUM/Term4/Project/Repo/OpenIGTLink/Examples/Point
  Searching for files in directory D:/STUDIUM/Term4/Project/Repo/OpenIGTLink/Examples/PolyData
  Searching for files in directory D:/STUDIUM/Term4/Project/Repo/OpenIGTLink/Examples/QuaternionTrackingData
  Searching for files in directory D:/STUDIUM/Term4/Project/Repo/OpenIGTLink/Examples/Receiver
  Searching for files in directory D:/STUDIUM/Term4/Project/Repo/OpenIGTLink/Examples/SampleUDPProgam
  Searching for files in directory D:/STUDIUM/Term4/Project/Repo/OpenIGTLink/Examples/SessionManager
  Searching for files in directory D:/STUDIUM/Term4/Project/Repo/OpenIGTLink/Examples/Status
  Searching for files in directory D:/STUDIUM/Term4/Project/Repo/OpenIGTLink/Examples/String
  Searching for files in directory D:/STUDIUM/Term4/Project/Repo/OpenIGTLink/Examples/Thread
  Searching for files in directory D:/STUDIUM/Term4/Project/Repo/OpenIGTLink/Examples/Tracker
  Searching for files in directory D:/STUDIUM/Term4/Project/Repo/OpenIGTLink/Examples/TrackingData
  Searching for files in directory D:/STUDIUM/Term4/Project/Repo/OpenIGTLink/Examples/TrackingDataUDPTransfer
CUSTOMBUILD : warning : source 'D:/STUDIUM/Term4/Project/Repo/OpenIGTLink/Documents/Art' is not a readable file or directory... skipping.
  D:/STUDIUM/Term4/Project/Repo/OpenIGTLink/Source/igtlClientSocket.h:45: warning: Found ';' while parsing initializer list! (doxygen could be confused by a macro call without semicolon)
  D:/STUDIUM/Term4/Project/Repo/OpenIGTLink/Source/igtlColorTableMessage.h:49: warning: Found ';' while parsing initializer list! (doxygen could be confused by a macro call without semicolon)
  D:/STUDIUM/Term4/Project/Repo/OpenIGTLink/Source/igtlCommandMessage.h:34: warning: Found ';' while parsing initializer list! (doxygen could be confused by a macro call without semicolon)
  D:/STUDIUM/Term4/Project/Repo/OpenIGTLink/Source/igtlCommandMessage.h:101: warning: Found ';' while parsing initializer list! (doxygen could be confused by a macro call without semicolon)
  D:/STUDIUM/Term4/Project/Repo/OpenIGTLink/Source/igtlGeneralSocket.h:71: warning: Found ';' while parsing initializer list! (doxygen could be confused by a macro call without semicolon)
  Searching for files in directory D:/STUDIUM/Term4/Project/Repo/OpenIGTLink/Examples/Trajectory
  Searching for files in directory D:/STUDIUM/Term4/Project/Repo/OpenIGTLink/Examples/VideoStreaming
  Searching for files in directory D:/STUDIUM/Term4/Project/Repo/OpenIGTLink/Examples/WebSocket
  Searching for images...
  Searching for dot files...
  Searching for msc files...
  Searching for dia files...
  Searching for plantuml files...
  Searching for files to exclude
  Searching INPUT for files to process...
  Searching for files in directory D:/STUDIUM/Term4/Project/Repo/OpenIGTLink/Source
  Searching for files in directory D:/STUDIUM/Term4/Project/Repo/OpenIGTLink/Source/igtlutil
  Searching for files in directory D:/STUDIUM/Term4/Project/Repo/OpenIGTLink/Source/VideoStreaming
  Searching for files in directory D:/STUDIUM/Term4/Project/Repo/OpenIGTLink/Source/WebSocket
  Searching for files in directory D:/STUDIUM/Term4/Project/Repo/OpenIGTLink/Documents/Doxygen
  Reading and parsing tag files
  Parsing files
  Preprocessing D:/STUDIUM/Term4/Project/Repo/OpenIGTLink/Source/igtlBindMessage.cxx...
  Parsing file D:/STUDIUM/Term4/Project/Repo/OpenIGTLink/Source/igtlBindMessage.cxx...
  Preprocessing D:/STUDIUM/Term4/Project/Repo/OpenIGTLink/Source/igtlBindMessage.h...
  Parsing file D:/STUDIUM/Term4/Project/Repo/OpenIGTLink/Source/igtlBindMessage.h...
  Preprocessing D:/STUDIUM/Term4/Project/Repo/OpenIGTLink/Source/igtlCapabilityMessage.cxx...
  Parsing file D:/STUDIUM/Term4/Project/Repo/OpenIGTLink/Source/igtlCapabilityMessage.cxx...
  Preprocessing D:/STUDIUM/Term4/Project/Repo/OpenIGTLink/Source/igtlCapabilityMessage.h...
  Parsing file D:/STUDIUM/Term4/Project/Repo/OpenIGTLink/Source/igtlCapabilityMessage.h...
  Preprocessing D:/STUDIUM/Term4/Project/Repo/OpenIGTLink/Source/igtlClientSocket.cxx...
  Parsing file D:/STUDIUM/Term4/Project/Repo/OpenIGTLink/Source/igtlClientSocket.cxx...
  Preprocessing D:/STUDIUM/Term4/Project/Repo/OpenIGTLink/Source/igtlClientSocket.h...
  Parsing file D:/STUDIUM/Term4/Project/Repo/OpenIGTLink/Source/igtlClientSocket.h...
  Preprocessing D:/STUDIUM/Term4/Project/Repo/OpenIGTLink/Source/igtlColorTableMessage.cxx...
  Parsing file D:/STUDIUM/Term4/Project/Repo/OpenIGTLink/Source/igtlColorTableMessage.cxx...
  Preprocessing D:/STUDIUM/Term4/Project/Repo/OpenIGTLink/Source/igtlColorTableMessage.h...
  Parsing file D:/STUDIUM/Term4/Project/Repo/OpenIGTLink/Source/igtlColorTableMessage.h...
  Preprocessing D:/STUDIUM/Term4/Project/Repo/OpenIGTLink/Source/igtlCommandMessage.cxx...
  Parsing file D:/STUDIUM/Term4/Project/Repo/OpenIGTLink/Source/igtlCommandMessage.cxx...
  Preprocessing D:/STUDIUM/Term4/Project/Repo/OpenIGTLink/Source/igtlCommandMessage.h...
  Parsing file D:/STUDIUM/Term4/Project/Repo/OpenIGTLink/Source/igtlCommandMessage.h...
  Preprocessing D:/STUDIUM/Term4/Project/Repo/OpenIGTLink/Source/igtlCommon.h...
  Parsing file D:/STUDIUM/Term4/Project/Repo/OpenIGTLink/Source/igtlCommon.h...
  Preprocessing D:/STUDIUM/Term4/Project/Repo/OpenIGTLink/Source/igtlConditionVariable.cxx...
  Parsing file D:/STUDIUM/Term4/Project/Repo/OpenIGTLink/Source/igtlConditionVariable.cxx...
  Preprocessing D:/STUDIUM/Term4/Project/Repo/OpenIGTLink/Source/igtlConditionVariable.h...
  Parsing file D:/STUDIUM/Term4/Project/Repo/OpenIGTLink/Source/igtlConditionVariable.h...
  Preprocessing D:/STUDIUM/Term4/Project/Repo/OpenIGTLink/Source/igtlCreateObjectFunction.h...
  Parsing file D:/STUDIUM/Term4/Project/Repo/OpenIGTLink/Source/igtlCreateObjectFunction.h...
  Preprocessing D:/STUDIUM/Term4/Project/Repo/OpenIGTLink/Source/igtlFastMutexLock.cxx...
  Parsing file D:/STUDIUM/Term4/Project/Repo/OpenIGTLink/Source/igtlFastMutexLock.cxx...
  Preprocessing D:/STUDIUM/Term4/Project/Repo/OpenIGTLink/Source/igtlFastMutexLock.h...
  Parsing file D:/STUDIUM/Term4/Project/Repo/OpenIGTLink/Source/igtlFastMutexLock.h...
  Preprocessing D:/STUDIUM/Term4/Project/Repo/OpenIGTLink/Source/igtlGeneralSocket.cxx...
  Parsing file D:/STUDIUM/Term4/Project/Repo/OpenIGTLink/Source/igtlGeneralSocket.cxx...
  Preprocessing D:/STUDIUM/Term4/Project/Repo/OpenIGTLink/Source/igtlGeneralSocket.h...
  Parsing file D:/STUDIUM/Term4/Project/Repo/OpenIGTLink/Source/igtlGeneralSocket.h...
  D:/STUDIUM/Term4/Project/Repo/OpenIGTLink/Source/igtlImageMessage.h:73: warning: Found ';' while parsing initializer list! (doxygen could be confused by a macro call without semicolon)
  D:/STUDIUM/Term4/Project/Repo/OpenIGTLink/Source/igtlImageMessage2.h:77: warning: Found ';' while parsing initializer list! (doxygen could be confused by a macro call without semicolon)
  D:/STUDIUM/Term4/Project/Repo/OpenIGTLink/Source/igtlMessageBase.h:88: warning: Found ';' while parsing initializer list! (doxygen could be confused by a macro call without semicolon)
  D:/STUDIUM/Term4/Project/Repo/OpenIGTLink/Source/igtlMessageHandler.h:30: warning: Found ';' while parsing initializer list! (doxygen could be confused by a macro call without semicolon)
  D:/STUDIUM/Term4/Project/Repo/OpenIGTLink/Source/igtlMessageRTPWrapper.h:159: warning: Found ';' while parsing initializer list! (doxygen could be confused by a macro call without semicolon)
  Preprocessing D:/STUDIUM/Term4/Project/Repo/OpenIGTLink/Source/igtlImageMessage.cxx...
  Parsing file D:/STUDIUM/Term4/Project/Repo/OpenIGTLink/Source/igtlImageMessage.cxx...
  Preprocessing D:/STUDIUM/Term4/Project/Repo/OpenIGTLink/Source/igtlImageMessage.h...
  Parsing file D:/STUDIUM/Term4/Project/Repo/OpenIGTLink/Source/igtlImageMessage.h...
  Preprocessing D:/STUDIUM/Term4/Project/Repo/OpenIGTLink/Source/igtlImageMessage2.cxx...
  Parsing file D:/STUDIUM/Term4/Project/Repo/OpenIGTLink/Source/igtlImageMessage2.cxx...
  Preprocessing D:/STUDIUM/Term4/Project/Repo/OpenIGTLink/Source/igtlImageMessage2.h...
  Parsing file D:/STUDIUM/Term4/Project/Repo/OpenIGTLink/Source/igtlImageMessage2.h...
  Preprocessing D:/STUDIUM/Term4/Project/Repo/OpenIGTLink/Source/igtlImageMetaMessage.cxx...
  Parsing file D:/STUDIUM/Term4/Project/Repo/OpenIGTLink/Source/igtlImageMetaMessage.cxx...
  Preprocessing D:/STUDIUM/Term4/Project/Repo/OpenIGTLink/Source/igtlImageMetaMessage.h...
  Parsing file D:/STUDIUM/Term4/Project/Repo/OpenIGTLink/Source/igtlImageMetaMessage.h...
  Preprocessing D:/STUDIUM/Term4/Project/Repo/OpenIGTLink/Source/igtlLabelMetaMessage.cxx...
  Parsing file D:/STUDIUM/Term4/Project/Repo/OpenIGTLink/Source/igtlLabelMetaMessage.cxx...
  Preprocessing D:/STUDIUM/Term4/Project/Repo/OpenIGTLink/Source/igtlLabelMetaMessage.h...
  Parsing file D:/STUDIUM/Term4/Project/Repo/OpenIGTLink/Source/igtlLabelMetaMessage.h...
  Preprocessing D:/STUDIUM/Term4/Project/Repo/OpenIGTLink/Source/igtlLightObject.cxx...
  Parsing file D:/STUDIUM/Term4/Project/Repo/OpenIGTLink/Source/igtlLightObject.cxx...
  Preprocessing D:/STUDIUM/Term4/Project/Repo/OpenIGTLink/Source/igtlLightObject.h...
  Parsing file D:/STUDIUM/Term4/Project/Repo/OpenIGTLink/Source/igtlLightObject.h...
  Preprocessing D:/STUDIUM/Term4/Project/Repo/OpenIGTLink/Source/igtlMacro.h...
  Parsing file D:/STUDIUM/Term4/Project/Repo/OpenIGTLink/Source/igtlMacro.h...
  Preprocessing D:/STUDIUM/Term4/Project/Repo/OpenIGTLink/Source/igtlMath.cxx...
  Parsing file D:/STUDIUM/Term4/Project/Repo/OpenIGTLink/Source/igtlMath.cxx...
  Preprocessing D:/STUDIUM/Term4/Project/Repo/OpenIGTLink/Source/igtlMath.h...
  Parsing file D:/STUDIUM/Term4/Project/Repo/OpenIGTLink/Source/igtlMath.h...
  Preprocessing D:/STUDIUM/Term4/Project/Repo/OpenIGTLink/Source/igtlMessageBase.cxx...
  Parsing file D:/STUDIUM/Term4/Project/Repo/OpenIGTLink/Source/igtlMessageBase.cxx...
  Preprocessing D:/STUDIUM/Term4/Project/Repo/OpenIGTLink/Source/igtlMessageBase.h...
  Parsing file D:/STUDIUM/Term4/Project/Repo/OpenIGTLink/Source/igtlMessageBase.h...
  Preprocessing D:/STUDIUM/Term4/Project/Repo/OpenIGTLink/Source/igtlMessageDebugFunction.h...
  Parsing file D:/STUDIUM/Term4/Project/Repo/OpenIGTLink/Source/igtlMessageDebugFunction.h...
  Preprocessing D:/STUDIUM/Term4/Project/Repo/OpenIGTLink/Source/igtlMessageFactory.cxx...
  Parsing file D:/STUDIUM/Term4/Project/Repo/OpenIGTLink/Source/igtlMessageFactory.cxx...
  Preprocessing D:/STUDIUM/Term4/Project/Repo/OpenIGTLink/Source/igtlMessageFactory.h...
  Parsing file D:/STUDIUM/Term4/Project/Repo/OpenIGTLink/Source/igtlMessageFactory.h...
  Preprocessing D:/STUDIUM/Term4/Project/Repo/OpenIGTLink/Source/igtlMessageHandler.h...
  Parsing file D:/STUDIUM/Term4/Project/Repo/OpenIGTLink/Source/igtlMessageHandler.h...
  Preprocessing D:/STUDIUM/Term4/Project/Repo/OpenIGTLink/Source/igtlMessageHandlerMacro.h...
  Parsing file D:/STUDIUM/Term4/Project/Repo/OpenIGTLink/Source/igtlMessageHandlerMacro.h...
  Preprocessing D:/STUDIUM/Term4/Project/Repo/OpenIGTLink/Source/igtlMessageHeader.h...
  Parsing file D:/STUDIUM/Term4/Project/Repo/OpenIGTLink/Source/igtlMessageHeader.h...
  Preprocessing D:/STUDIUM/Term4/Project/Repo/OpenIGTLink/Source/igtlMessageRTPWrapper.cxx...
  Parsing file D:/STUDIUM/Term4/Project/Repo/OpenIGTLink/Source/igtlMessageRTPWrapper.cxx...
  Preprocessing D:/STUDIUM/Term4/Project/Repo/OpenIGTLink/Source/igtlMessageRTPWrapper.h...
  Parsing file D:/STUDIUM/Term4/Project/Repo/OpenIGTLink/Source/igtlMessageRTPWrapper.h...
  Preprocessing D:/STUDIUM/Term4/Project/Repo/OpenIGTLink/Source/igtlMultiThreader.cxx...
  Parsing file D:/STUDIUM/Term4/Project/Repo/OpenIGTLink/Source/igtlMultiThreader.cxx...
  Preprocessing D:/STUDIUM/Term4/Project/Repo/OpenIGTLink/Source/igtlMultiThreader.h...
  Parsing file D:/STUDIUM/Term4/Project/Repo/OpenIGTLink/Source/igtlMultiThreader.h...
  Preprocessing D:/STUDIUM/Term4/Project/Repo/OpenIGTLink/Source/igtlMutexLock.cxx...
  Parsing file D:/STUDIUM/Term4/Project/Repo/OpenIGTLink/Source/igtlMutexLock.cxx...
  Preprocessing D:/STUDIUM/Term4/Project/Repo/OpenIGTLink/Source/igtlMutexLock.h...
  Parsing file D:/STUDIUM/Term4/Project/Repo/OpenIGTLink/Source/igtlMutexLock.h...
  Preprocessing D:/STUDIUM/Term4/Project/Repo/OpenIGTLink/Source/igtlNDArrayMessage.cxx...
  Parsing file D:/STUDIUM/Term4/Project/Repo/OpenIGTLink/Source/igtlNDArrayMessage.cxx...
  Preprocessing D:/STUDIUM/Term4/Project/Repo/OpenIGTLink/Source/igtlNDArrayMessage.h...
  Parsing file D:/STUDIUM/Term4/Project/Repo/OpenIGTLink/Source/igtlNDArrayMessage.h...
  Preprocessing D:/STUDIUM/Term4/Project/Repo/OpenIGTLink/Source/igtlObject.cxx...
  Parsing file D:/STUDIUM/Term4/Project/Repo/OpenIGTLink/Source/igtlObject.cxx...
  Preprocessing D:/STUDIUM/Term4/Project/Repo/OpenIGTLink/Source/igtlObject.h...
  Parsing file D:/STUDIUM/Term4/Project/Repo/OpenIGTLink/Source/igtlObject.h...
  Preprocessing D:/STUDIUM/Term4/Project/Repo/OpenIGTLink/Source/igtlObjectFactory.h...
  Parsing file D:/STUDIUM/Term4/Project/Repo/OpenIGTLink/Source/igtlObjectFactory.h...
  Preprocessing D:/STUDIUM/Term4/Project/Repo/OpenIGTLink/Source/igtlObjectFactoryBase.cxx...
  Parsing file D:/STUDIUM/Term4/Project/Repo/OpenIGTLink/Source/igtlObjectFactoryBase.cxx...
  Preprocessing D:/STUDIUM/Term4/Project/Repo/OpenIGTLink/Source/igtlObjectFactoryBase.h...
  Parsing file D:/STUDIUM/Term4/Project/Repo/OpenIGTLink/Source/igtlObjectFactoryBase.h...
  Preprocessing D:/STUDIUM/Term4/Project/Repo/OpenIGTLink/Source/igtlOSUtil.cxx...
  Parsing file D:/STUDIUM/Term4/Project/Repo/OpenIGTLink/Source/igtlOSUtil.cxx...
  Preprocessing D:/STUDIUM/Term4/Project/Repo/OpenIGTLink/Source/igtlOSUtil.h...
  Parsing file D:/STUDIUM/Term4/Project/Repo/OpenIGTLink/Source/igtlOSUtil.h...
  Preprocessing D:/STUDIUM/Term4/Project/Repo/OpenIGTLink/Source/igtlPointMessage.cxx...
  Parsing file D:/STUDIUM/Term4/Project/Repo/OpenIGTLink/Source/igtlPointMessage.cxx...
  Preprocessing D:/STUDIUM/Term4/Project/Repo/OpenIGTLink/Source/igtlPointMessage.h...
  Parsing file D:/STUDIUM/Term4/Project/Repo/OpenIGTLink/Source/igtlPointMessage.h...
  Preprocessing D:/STUDIUM/Term4/Project/Repo/OpenIGTLink/Source/igtlPolyDataMessage.cxx...
  Parsing file D:/STUDIUM/Term4/Project/Repo/OpenIGTLink/Source/igtlPolyDataMessage.cxx...
  Preprocessing D:/STUDIUM/Term4/Project/Repo/OpenIGTLink/Source/igtlPolyDataMessage.h...
  Parsing file D:/STUDIUM/Term4/Project/Repo/OpenIGTLink/Source/igtlPolyDataMessage.h...
  Preprocessing D:/STUDIUM/Term4/Project/Repo/OpenIGTLink/Source/igtlPositionMessage.cxx...
  Parsing file D:/STUDIUM/Term4/Project/Repo/OpenIGTLink/Source/igtlPositionMessage.cxx...
  Preprocessing D:/STUDIUM/Term4/Project/Repo/OpenIGTLink/Source/igtlPositionMessage.h...
  Parsing file D:/STUDIUM/Term4/Project/Repo/OpenIGTLink/Source/igtlPositionMessage.h...
  Preprocessing D:/STUDIUM/Term4/Project/Repo/OpenIGTLink/Source/igtlQuaternionTrackingDataMessage.cxx...
  Parsing file D:/STUDIUM/Term4/Project/Repo/OpenIGTLink/Source/igtlQuaternionTrackingDataMessage.cxx...
  Preprocessing D:/STUDIUM/Term4/Project/Repo/OpenIGTLink/Source/igtlQuaternionTrackingDataMessage.h...
  Parsing file D:/STUDIUM/Term4/Project/Repo/OpenIGTLink/Source/igtlQuaternionTrackingDataMessage.h...
  Preprocessing D:/STUDIUM/Term4/Project/Repo/OpenIGTLink/Source/igtlQueryMessage.cxx...
  Parsing file D:/STUDIUM/Term4/Project/Repo/OpenIGTLink/Source/igtlQueryMessage.cxx...
  Preprocessing D:/STUDIUM/Term4/Project/Repo/OpenIGTLink/Source/igtlQueryMessage.h...
  Parsing file D:/STUDIUM/Term4/Project/Repo/OpenIGTLink/Source/igtlQueryMessage.h...
  Preprocessing D:/STUDIUM/Term4/Project/Repo/OpenIGTLink/Source/igtlSensorMessage.cxx...
  Parsing file D:/STUDIUM/Term4/Project/Repo/OpenIGTLink/Source/igtlSensorMessage.cxx...
  D:/STUDIUM/Term4/Project/Repo/OpenIGTLink/Source/igtlSocket.h:66: warning: Found ';' while parsing initializer list! (doxygen could be confused by a macro call without semicolon)
  Preprocessing D:/STUDIUM/Term4/Project/Repo/OpenIGTLink/Source/igtlSensorMessage.h...
  Parsing file D:/STUDIUM/Term4/Project/Repo/OpenIGTLink/Source/igtlSensorMessage.h...
  Preprocessing D:/STUDIUM/Term4/Project/Repo/OpenIGTLink/Source/igtlServerSocket.cxx...
  Parsing file D:/STUDIUM/Term4/Project/Repo/OpenIGTLink/Source/igtlServerSocket.cxx...
  Preprocessing D:/STUDIUM/Term4/Project/Repo/OpenIGTLink/Source/igtlServerSocket.h...
  Parsing file D:/STUDIUM/Term4/Project/Repo/OpenIGTLink/Source/igtlServerSocket.h...
  Preprocessing D:/STUDIUM/Term4/Project/Repo/OpenIGTLink/Source/igtlSessionManager.cxx...
  Parsing file D:/STUDIUM/Term4/Project/Repo/OpenIGTLink/Source/igtlSessionManager.cxx...
  Preprocessing D:/STUDIUM/Term4/Project/Repo/OpenIGTLink/Source/igtlSessionManager.h...
  Parsing file D:/STUDIUM/Term4/Project/Repo/OpenIGTLink/Source/igtlSessionManager.h...
  Preprocessing D:/STUDIUM/Term4/Project/Repo/OpenIGTLink/Source/igtlSimpleFastMutexLock.cxx...
  Parsing file D:/STUDIUM/Term4/Project/Repo/OpenIGTLink/Source/igtlSimpleFastMutexLock.cxx...
  Preprocessing D:/STUDIUM/Term4/Project/Repo/OpenIGTLink/Source/igtlSimpleFastMutexLock.h...
  Parsing file D:/STUDIUM/Term4/Project/Repo/OpenIGTLink/Source/igtlSimpleFastMutexLock.h...
  Preprocessing D:/STUDIUM/Term4/Project/Repo/OpenIGTLink/Source/igtlSmartPointer.h...
  Parsing file D:/STUDIUM/Term4/Project/Repo/OpenIGTLink/Source/igtlSmartPointer.h...
  Preprocessing D:/STUDIUM/Term4/Project/Repo/OpenIGTLink/Source/igtlSocket.cxx...
  Parsing file D:/STUDIUM/Term4/Project/Repo/OpenIGTLink/Source/igtlSocket.cxx...
  Preprocessing D:/STUDIUM/Term4/Project/Repo/OpenIGTLink/Source/igtlSocket.h...
  Parsing file D:/STUDIUM/Term4/Project/Repo/OpenIGTLink/Source/igtlSocket.h...
  Preprocessing D:/STUDIUM/Term4/Project/Repo/OpenIGTLink/Source/igtlStatusMessage.cxx...
  Parsing file D:/STUDIUM/Term4/Project/Repo/OpenIGTLink/Source/igtlStatusMessage.cxx...
  Preprocessing D:/STUDIUM/Term4/Project/Repo/OpenIGTLink/Source/igtlStatusMessage.h...
  Parsing file D:/STUDIUM/Term4/Project/Repo/OpenIGTLink/Source/igtlStatusMessage.h...
  Preprocessing D:/STUDIUM/Term4/Project/Repo/OpenIGTLink/Source/igtlStringMessage.cxx...
  Parsing file D:/STUDIUM/Term4/Project/Repo/OpenIGTLink/Source/igtlStringMessage.cxx...
  Preprocessing D:/STUDIUM/Term4/Project/Repo/OpenIGTLink/Source/igtlStringMessage.h...
  Parsing file D:/STUDIUM/Term4/Project/Repo/OpenIGTLink/Source/igtlStringMessage.h...
  Preprocessing D:/STUDIUM/Term4/Project/Repo/OpenIGTLink/Source/igtlTimeStamp.cxx...
  Parsing file D:/STUDIUM/Term4/Project/Repo/OpenIGTLink/Source/igtlTimeStamp.cxx...
  Preprocessing D:/STUDIUM/Term4/Project/Repo/OpenIGTLink/Source/igtlTimeStamp.h...
  Parsing file D:/STUDIUM/Term4/Project/Repo/OpenIGTLink/Source/igtlTimeStamp.h...
  Preprocessing D:/STUDIUM/Term4/Project/Repo/OpenIGTLink/Source/igtlTrackingDataMessage.cxx...
  Parsing file D:/STUDIUM/Term4/Project/Repo/OpenIGTLink/Source/igtlTrackingDataMessage.cxx...
  Preprocessing D:/STUDIUM/Term4/Project/Repo/OpenIGTLink/Source/igtlTrackingDataMessage.h...
  Parsing file D:/STUDIUM/Term4/Project/Repo/OpenIGTLink/Source/igtlTrackingDataMessage.h...
  Preprocessing D:/STUDIUM/Term4/Project/Repo/OpenIGTLink/Source/igtlTrajectoryMessage.cxx...
  Parsing file D:/STUDIUM/Term4/Project/Repo/OpenIGTLink/Source/igtlTrajectoryMessage.cxx...
  Preprocessing D:/STUDIUM/Term4/Project/Repo/OpenIGTLink/Source/igtlTrajectoryMessage.h...
  Parsing file D:/STUDIUM/Term4/Project/Repo/OpenIGTLink/Source/igtlTrajectoryMessage.h...
  Preprocessing D:/STUDIUM/Term4/Project/Repo/OpenIGTLink/Source/igtlTransformMessage.cxx...
  Parsing file D:/STUDIUM/Term4/Project/Repo/OpenIGTLink/Source/igtlTransformMessage.cxx...
  Preprocessing D:/STUDIUM/Term4/Project/Repo/OpenIGTLink/Source/igtlTransformMessage.h...
  Parsing file D:/STUDIUM/Term4/Project/Repo/OpenIGTLink/Source/igtlTransformMessage.h...
  Preprocessing D:/STUDIUM/Term4/Project/Repo/OpenIGTLink/Source/igtlTypes.h...
  Parsing file D:/STUDIUM/Term4/Project/Repo/OpenIGTLink/Source/igtlTypes.h...
  Preprocessing D:/STUDIUM/Term4/Project/Repo/OpenIGTLink/Source/igtlUDPClientSocket.cxx...
  D:/STUDIUM/Term4/Project/Repo/OpenIGTLink/Source/igtlUDPClientSocket.h:46: warning: Found ';' while parsing initializer list! (doxygen could be confused by a macro call without semicolon)
  Parsing file D:/STUDIUM/Term4/Project/Repo/OpenIGTLink/Source/igtlUDPClientSocket.cxx...
  Preprocessing D:/STUDIUM/Term4/Project/Repo/OpenIGTLink/Source/igtlUDPClientSocket.h...
  Parsing file D:/STUDIUM/Term4/Project/Repo/OpenIGTLink/Source/igtlUDPClientSocket.h...
  Preprocessing D:/STUDIUM/Term4/Project/Repo/OpenIGTLink/Source/igtlUDPServerSocket.cxx...
  Parsing file D:/STUDIUM/Term4/Project/Repo/OpenIGTLink/Source/igtlUDPServerSocket.cxx...
  Preprocessing D:/STUDIUM/Term4/Project/Repo/OpenIGTLink/Source/igtlUDPServerSocket.h...
  Parsing file D:/STUDIUM/Term4/Project/Repo/OpenIGTLink/Source/igtlUDPServerSocket.h...
  Preprocessing D:/STUDIUM/Term4/Project/Repo/OpenIGTLink/Source/igtlUnit.cxx...
  Parsing file D:/STUDIUM/Term4/Project/Repo/OpenIGTLink/Source/igtlUnit.cxx...
  Preprocessing D:/STUDIUM/Term4/Project/Repo/OpenIGTLink/Source/igtlUnit.h...
  Parsing file D:/STUDIUM/Term4/Project/Repo/OpenIGTLink/Source/igtlUnit.h...
  Preprocessing D:/STUDIUM/Term4/Project/Repo/OpenIGTLink/Source/igtlutil/igtl_bind.c...
  Parsing file D:/STUDIUM/Term4/Project/Repo/OpenIGTLink/Source/igtlutil/igtl_bind.c...
  Preprocessing D:/STUDIUM/Term4/Project/Repo/OpenIGTLink/Source/igtlutil/igtl_bind.h...
  Parsing file D:/STUDIUM/Term4/Project/Repo/OpenIGTLink/Source/igtlutil/igtl_bind.h...
  Preprocessing D:/STUDIUM/Term4/Project/Repo/OpenIGTLink/Source/igtlutil/igtl_capability.c...
  Parsing file D:/STUDIUM/Term4/Project/Repo/OpenIGTLink/Source/igtlutil/igtl_capability.c...
  Preprocessing D:/STUDIUM/Term4/Project/Repo/OpenIGTLink/Source/igtlutil/igtl_capability.h...
  Parsing file D:/STUDIUM/Term4/Project/Repo/OpenIGTLink/Source/igtlutil/igtl_capability.h...
  Preprocessing D:/STUDIUM/Term4/Project/Repo/OpenIGTLink/Source/igtlutil/igtl_colortable.c...
  Parsing file D:/STUDIUM/Term4/Project/Repo/OpenIGTLink/Source/igtlutil/igtl_colortable.c...
  Preprocessing D:/STUDIUM/Term4/Project/Repo/OpenIGTLink/Source/igtlutil/igtl_colortable.h...
  Parsing file D:/STUDIUM/Term4/Project/Repo/OpenIGTLink/Source/igtlutil/igtl_colortable.h...
  Preprocessing D:/STUDIUM/Term4/Project/Repo/OpenIGTLink/Source/igtlutil/igtl_command.c...
  Parsing file D:/STUDIUM/Term4/Project/Repo/OpenIGTLink/Source/igtlutil/igtl_command.c...
  Preprocessing D:/STUDIUM/Term4/Project/Repo/OpenIGTLink/Source/igtlutil/igtl_command.h...
  Parsing file D:/STUDIUM/Term4/Project/Repo/OpenIGTLink/Source/igtlutil/igtl_command.h...
  Preprocessing D:/STUDIUM/Term4/Project/Repo/OpenIGTLink/Source/igtlutil/igtl_header.c...
  Parsing file D:/STUDIUM/Term4/Project/Repo/OpenIGTLink/Source/igtlutil/igtl_header.c...
  Preprocessing D:/STUDIUM/Term4/Project/Repo/OpenIGTLink/Source/igtlutil/igtl_header.h...
  Parsing file D:/STUDIUM/Term4/Project/Repo/OpenIGTLink/Source/igtlutil/igtl_header.h...
  Preprocessing D:/STUDIUM/Term4/Project/Repo/OpenIGTLink/Source/igtlutil/igtl_image.c...
  Parsing file D:/STUDIUM/Term4/Project/Repo/OpenIGTLink/Source/igtlutil/igtl_image.c...
  Preprocessing D:/STUDIUM/Term4/Project/Repo/OpenIGTLink/Source/igtlutil/igtl_image.h...
  Parsing file D:/STUDIUM/Term4/Project/Repo/OpenIGTLink/Source/igtlutil/igtl_image.h...
  Preprocessing D:/STUDIUM/Term4/Project/Repo/OpenIGTLink/Source/igtlutil/igtl_imgmeta.c...
  Parsing file D:/STUDIUM/Term4/Project/Repo/OpenIGTLink/Source/igtlutil/igtl_imgmeta.c...
  Preprocessing D:/STUDIUM/Term4/Project/Repo/OpenIGTLink/Source/igtlutil/igtl_imgmeta.h...
  Parsing file D:/STUDIUM/Term4/Project/Repo/OpenIGTLink/Source/igtlutil/igtl_imgmeta.h...
  Preprocessing D:/STUDIUM/Term4/Project/Repo/OpenIGTLink/Source/igtlutil/igtl_lbmeta.c...
  Parsing file D:/STUDIUM/Term4/Project/Repo/OpenIGTLink/Source/igtlutil/igtl_lbmeta.c...
  Preprocessing D:/STUDIUM/Term4/Project/Repo/OpenIGTLink/Source/igtlutil/igtl_lbmeta.h...
  Parsing file D:/STUDIUM/Term4/Project/Repo/OpenIGTLink/Source/igtlutil/igtl_lbmeta.h...
  Preprocessing D:/STUDIUM/Term4/Project/Repo/OpenIGTLink/Source/igtlutil/igtl_ndarray.c...
  Parsing file D:/STUDIUM/Term4/Project/Repo/OpenIGTLink/Source/igtlutil/igtl_ndarray.c...
  Preprocessing D:/STUDIUM/Term4/Project/Repo/OpenIGTLink/Source/igtlutil/igtl_ndarray.h...
  Parsing file D:/STUDIUM/Term4/Project/Repo/OpenIGTLink/Source/igtlutil/igtl_ndarray.h...
  Preprocessing D:/STUDIUM/Term4/Project/Repo/OpenIGTLink/Source/igtlutil/igtl_point.c...
  Parsing file D:/STUDIUM/Term4/Project/Repo/OpenIGTLink/Source/igtlutil/igtl_point.c...
  Preprocessing D:/STUDIUM/Term4/Project/Repo/OpenIGTLink/Source/igtlutil/igtl_point.h...
  Parsing file D:/STUDIUM/Term4/Project/Repo/OpenIGTLink/Source/igtlutil/igtl_point.h...
  Preprocessing D:/STUDIUM/Term4/Project/Repo/OpenIGTLink/Source/igtlutil/igtl_polydata.c...
  Parsing file D:/STUDIUM/Term4/Project/Repo/OpenIGTLink/Source/igtlutil/igtl_polydata.c...
  Preprocessing D:/STUDIUM/Term4/Project/Repo/OpenIGTLink/Source/igtlutil/igtl_polydata.h...
  Parsing file D:/STUDIUM/Term4/Project/Repo/OpenIGTLink/Source/igtlutil/igtl_polydata.h...
  Preprocessing D:/STUDIUM/Term4/Project/Repo/OpenIGTLink/Source/igtlutil/igtl_position.c...
  Parsing file D:/STUDIUM/Term4/Project/Repo/OpenIGTLink/Source/igtlutil/igtl_position.c...
  Preprocessing D:/STUDIUM/Term4/Project/Repo/OpenIGTLink/Source/igtlutil/igtl_position.h...
  Parsing file D:/STUDIUM/Term4/Project/Repo/OpenIGTLink/Source/igtlutil/igtl_position.h...
  Preprocessing D:/STUDIUM/Term4/Project/Repo/OpenIGTLink/Source/igtlutil/igtl_qtdata.c...
  Parsing file D:/STUDIUM/Term4/Project/Repo/OpenIGTLink/Source/igtlutil/igtl_qtdata.c...
  Preprocessing D:/STUDIUM/Term4/Project/Repo/OpenIGTLink/Source/igtlutil/igtl_qtdata.h...
  Parsing file D:/STUDIUM/Term4/Project/Repo/OpenIGTLink/Source/igtlutil/igtl_qtdata.h...
  Preprocessing D:/STUDIUM/Term4/Project/Repo/OpenIGTLink/Source/igtlutil/igtl_qtrans.c...
  Parsing file D:/STUDIUM/Term4/Project/Repo/OpenIGTLink/Source/igtlutil/igtl_qtrans.c...
  Preprocessing D:/STUDIUM/Term4/Project/Repo/OpenIGTLink/Source/igtlutil/igtl_qtrans.h...
  Parsing file D:/STUDIUM/Term4/Project/Repo/OpenIGTLink/Source/igtlutil/igtl_qtrans.h...
  Preprocessing D:/STUDIUM/Term4/Project/Repo/OpenIGTLink/Source/igtlutil/igtl_query.c...
  Parsing file D:/STUDIUM/Term4/Project/Repo/OpenIGTLink/Source/igtlutil/igtl_query.c...
  Preprocessing D:/STUDIUM/Term4/Project/Repo/OpenIGTLink/Source/igtlutil/igtl_query.h...
  Parsing file D:/STUDIUM/Term4/Project/Repo/OpenIGTLink/Source/igtlutil/igtl_query.h...
  Preprocessing D:/STUDIUM/Term4/Project/Repo/OpenIGTLink/Source/igtlutil/igtl_sensor.c...
  Parsing file D:/STUDIUM/Term4/Project/Repo/OpenIGTLink/Source/igtlutil/igtl_sensor.c...
  Preprocessing D:/STUDIUM/Term4/Project/Repo/OpenIGTLink/Source/igtlutil/igtl_sensor.h...
  Parsing file D:/STUDIUM/Term4/Project/Repo/OpenIGTLink/Source/igtlutil/igtl_sensor.h...
  Preprocessing D:/STUDIUM/Term4/Project/Repo/OpenIGTLink/Source/igtlutil/igtl_status.c...
  Parsing file D:/STUDIUM/Term4/Project/Repo/OpenIGTLink/Source/igtlutil/igtl_status.c...
  Preprocessing D:/STUDIUM/Term4/Project/Repo/OpenIGTLink/Source/igtlutil/igtl_status.h...
  Parsing file D:/STUDIUM/Term4/Project/Repo/OpenIGTLink/Source/igtlutil/igtl_status.h...
  Preprocessing D:/STUDIUM/Term4/Project/Repo/OpenIGTLink/Source/igtlutil/igtl_string.c...
  Parsing file D:/STUDIUM/Term4/Project/Repo/OpenIGTLink/Source/igtlutil/igtl_string.c...
  Preprocessing D:/STUDIUM/Term4/Project/Repo/OpenIGTLink/Source/igtlutil/igtl_string.h...
  Parsing file D:/STUDIUM/Term4/Project/Repo/OpenIGTLink/Source/igtlutil/igtl_string.h...
  Preprocessing D:/STUDIUM/Term4/Project/Repo/OpenIGTLink/Source/igtlutil/igtl_tdata.c...
  Parsing file D:/STUDIUM/Term4/Project/Repo/OpenIGTLink/Source/igtlutil/igtl_tdata.c...
  Preprocessing D:/STUDIUM/Term4/Project/Repo/OpenIGTLink/Source/igtlutil/igtl_tdata.h...
  Parsing file D:/STUDIUM/Term4/Project/Repo/OpenIGTLink/Source/igtlutil/igtl_tdata.h...
  Preprocessing D:/STUDIUM/Term4/Project/Repo/OpenIGTLink/Source/igtlutil/igtl_trajectory.c...
  Parsing file D:/STUDIUM/Term4/Project/Repo/OpenIGTLink/Source/igtlutil/igtl_trajectory.c...
  Preprocessing D:/STUDIUM/Term4/Project/Repo/OpenIGTLink/Source/igtlutil/igtl_trajectory.h...
  Parsing file D:/STUDIUM/Term4/Project/Repo/OpenIGTLink/Source/igtlutil/igtl_trajectory.h...
  Preprocessing D:/STUDIUM/Term4/Project/Repo/OpenIGTLink/Source/igtlutil/igtl_transform.c...
  Parsing file D:/STUDIUM/Term4/Project/Repo/OpenIGTLink/Source/igtlutil/igtl_transform.c...
  Preprocessing D:/STUDIUM/Term4/Project/Repo/OpenIGTLink/Source/igtlutil/igtl_transform.h...
  Parsing file D:/STUDIUM/Term4/Project/Repo/OpenIGTLink/Source/igtlutil/igtl_transform.h...
  Preprocessing D:/STUDIUM/Term4/Project/Repo/OpenIGTLink/Source/igtlutil/igtl_types.h...
  Parsing file D:/STUDIUM/Term4/Project/Repo/OpenIGTLink/Source/igtlutil/igtl_types.h...
  Preprocessing D:/STUDIUM/Term4/Project/Repo/OpenIGTLink/Source/igtlutil/igtl_unit.c...
  Parsing file D:/STUDIUM/Term4/Project/Repo/OpenIGTLink/Source/igtlutil/igtl_unit.c...
  Preprocessing D:/STUDIUM/Term4/Project/Repo/OpenIGTLink/Source/igtlutil/igtl_unit.h...
  Parsing file D:/STUDIUM/Term4/Project/Repo/OpenIGTLink/Source/igtlutil/igtl_unit.h...
  Preprocessing D:/STUDIUM/Term4/Project/Repo/OpenIGTLink/Source/igtlutil/igtl_util.c...
  Parsing file D:/STUDIUM/Term4/Project/Repo/OpenIGTLink/Source/igtlutil/igtl_util.c...
  Preprocessing D:/STUDIUM/Term4/Project/Repo/OpenIGTLink/Source/igtlutil/igtl_util.h...
  Parsing file D:/STUDIUM/Term4/Project/Repo/OpenIGTLink/Source/igtlutil/igtl_util.h...
  Preprocessing D:/STUDIUM/Term4/Project/Repo/OpenIGTLink/Source/igtlutil/igtl_win32header.h...
  Parsing file D:/STUDIUM/Term4/Project/Repo/OpenIGTLink/Source/igtlutil/igtl_win32header.h...
  Preprocessing D:/STUDIUM/Term4/Project/Repo/OpenIGTLink/Source/igtlWin32Header.h...
  Parsing file D:/STUDIUM/Term4/Project/Repo/OpenIGTLink/Source/igtlWin32Header.h...
  Preprocessing D:/STUDIUM/Term4/Project/Repo/OpenIGTLink/Source/igtlWindows.h...
  Parsing file D:/STUDIUM/Term4/Project/Repo/OpenIGTLink/Source/igtlWindows.h...
  Preprocessing D:/STUDIUM/Term4/Project/Repo/OpenIGTLink/Source/VideoStreaming/igtl_video.c...
  Parsing file D:/STUDIUM/Term4/Project/Repo/OpenIGTLink/Source/VideoStreaming/igtl_video.c...
  Preprocessing D:/STUDIUM/Term4/Project/Repo/OpenIGTLink/Source/VideoStreaming/igtl_video.h...
  Parsing file D:/STUDIUM/Term4/Project/Repo/OpenIGTLink/Source/VideoStreaming/igtl_video.h...
  Preprocessing D:/STUDIUM/Term4/Project/Repo/OpenIGTLink/Source/VideoStreaming/igtl_videometa.c...
  Parsing file D:/STUDIUM/Term4/Project/Repo/OpenIGTLink/Source/VideoStreaming/igtl_videometa.c...
  Preprocessing D:/STUDIUM/Term4/Project/Repo/OpenIGTLink/Source/VideoStreaming/igtl_videometa.h...
  Parsing file D:/STUDIUM/Term4/Project/Repo/OpenIGTLink/Source/VideoStreaming/igtl_videometa.h...
  Preprocessing D:/STUDIUM/Term4/Project/Repo/OpenIGTLink/Source/VideoStreaming/igtlAV1Decoder.cxx...
  Parsing file D:/STUDIUM/Term4/Project/Repo/OpenIGTLink/Source/VideoStreaming/igtlAV1Decoder.cxx...
  Preprocessing D:/STUDIUM/Term4/Project/Repo/OpenIGTLink/Source/VideoStreaming/igtlAV1Decoder.h...
  Parsing file D:/STUDIUM/Term4/Project/Repo/OpenIGTLink/Source/VideoStreaming/igtlAV1Decoder.h...
  Preprocessing D:/STUDIUM/Term4/Project/Repo/OpenIGTLink/Source/VideoStreaming/igtlAV1Encoder.cxx...
  Parsing file D:/STUDIUM/Term4/Project/Repo/OpenIGTLink/Source/VideoStreaming/igtlAV1Encoder.cxx...
  Preprocessing D:/STUDIUM/Term4/Project/Repo/OpenIGTLink/Source/VideoStreaming/igtlAV1Encoder.h...
  Parsing file D:/STUDIUM/Term4/Project/Repo/OpenIGTLink/Source/VideoStreaming/igtlAV1Encoder.h...
  Preprocessing D:/STUDIUM/Term4/Project/Repo/OpenIGTLink/Source/VideoStreaming/igtlCodecCommonClasses.cxx...
  Parsing file D:/STUDIUM/Term4/Project/Repo/OpenIGTLink/Source/VideoStreaming/igtlCodecCommonClasses.cxx...
  Preprocessing D:/STUDIUM/Term4/Project/Repo/OpenIGTLink/Source/VideoStreaming/igtlCodecCommonClasses.h...
  Parsing file D:/STUDIUM/Term4/Project/Repo/OpenIGTLink/Source/VideoStreaming/igtlCodecCommonClasses.h...
  Preprocessing D:/STUDIUM/Term4/Project/Repo/OpenIGTLink/Source/VideoStreaming/igtlH264Decoder.cxx...
  Parsing file D:/STUDIUM/Term4/Project/Repo/OpenIGTLink/Source/VideoStreaming/igtlH264Decoder.cxx...
  Preprocessing D:/STUDIUM/Term4/Project/Repo/OpenIGTLink/Source/VideoStreaming/igtlH264Decoder.h...
  Parsing file D:/STUDIUM/Term4/Project/Repo/OpenIGTLink/Source/VideoStreaming/igtlH264Decoder.h...
  Preprocessing D:/STUDIUM/Term4/Project/Repo/OpenIGTLink/Source/VideoStreaming/igtlH264Encoder.cxx...
  D:/STUDIUM/Term4/Project/Repo/OpenIGTLink/Source/VideoStreaming/igtlVideoMessage.h:112: warning: Found ';' while parsing initializer list! (doxygen could be confused by a macro call without semicolon)
  Parsing file D:/STUDIUM/Term4/Project/Repo/OpenIGTLink/Source/VideoStreaming/igtlH264Encoder.cxx...
  Preprocessing D:/STUDIUM/Term4/Project/Repo/OpenIGTLink/Source/VideoStreaming/igtlH264Encoder.h...
  Parsing file D:/STUDIUM/Term4/Project/Repo/OpenIGTLink/Source/VideoStreaming/igtlH264Encoder.h...
  Preprocessing D:/STUDIUM/Term4/Project/Repo/OpenIGTLink/Source/VideoStreaming/igtlH265Decoder.cxx...
  Parsing file D:/STUDIUM/Term4/Project/Repo/OpenIGTLink/Source/VideoStreaming/igtlH265Decoder.cxx...
  Preprocessing D:/STUDIUM/Term4/Project/Repo/OpenIGTLink/Source/VideoStreaming/igtlH265Decoder.h...
  Parsing file D:/STUDIUM/Term4/Project/Repo/OpenIGTLink/Source/VideoStreaming/igtlH265Decoder.h...
  Preprocessing D:/STUDIUM/Term4/Project/Repo/OpenIGTLink/Source/VideoStreaming/igtlH265Encoder.cxx...
  Parsing file D:/STUDIUM/Term4/Project/Repo/OpenIGTLink/Source/VideoStreaming/igtlH265Encoder.cxx...
  Preprocessing D:/STUDIUM/Term4/Project/Repo/OpenIGTLink/Source/VideoStreaming/igtlH265Encoder.h...
  Parsing file D:/STUDIUM/Term4/Project/Repo/OpenIGTLink/Source/VideoStreaming/igtlH265Encoder.h...
  Preprocessing D:/STUDIUM/Term4/Project/Repo/OpenIGTLink/Source/VideoStreaming/igtlI420Decoder.cxx...
  Parsing file D:/STUDIUM/Term4/Project/Repo/OpenIGTLink/Source/VideoStreaming/igtlI420Decoder.cxx...
  Preprocessing D:/STUDIUM/Term4/Project/Repo/OpenIGTLink/Source/VideoStreaming/igtlI420Decoder.h...
  Parsing file D:/STUDIUM/Term4/Project/Repo/OpenIGTLink/Source/VideoStreaming/igtlI420Decoder.h...
  Preprocessing D:/STUDIUM/Term4/Project/Repo/OpenIGTLink/Source/VideoStreaming/igtlI420Encoder.cxx...
  Parsing file D:/STUDIUM/Term4/Project/Repo/OpenIGTLink/Source/VideoStreaming/igtlI420Encoder.cxx...
  Preprocessing D:/STUDIUM/Term4/Project/Repo/OpenIGTLink/Source/VideoStreaming/igtlI420Encoder.h...
  Parsing file D:/STUDIUM/Term4/Project/Repo/OpenIGTLink/Source/VideoStreaming/igtlI420Encoder.h...
  Preprocessing D:/STUDIUM/Term4/Project/Repo/OpenIGTLink/Source/VideoStreaming/igtlVideoMessage.cxx...
  Parsing file D:/STUDIUM/Term4/Project/Repo/OpenIGTLink/Source/VideoStreaming/igtlVideoMessage.cxx...
  Preprocessing D:/STUDIUM/Term4/Project/Repo/OpenIGTLink/Source/VideoStreaming/igtlVideoMessage.h...
  Parsing file D:/STUDIUM/Term4/Project/Repo/OpenIGTLink/Source/VideoStreaming/igtlVideoMessage.h...
  Preprocessing D:/STUDIUM/Term4/Project/Repo/OpenIGTLink/Source/VideoStreaming/igtlVideoMetaMessage.cxx...
  Parsing file D:/STUDIUM/Term4/Project/Repo/OpenIGTLink/Source/VideoStreaming/igtlVideoMetaMessage.cxx...
  Preprocessing D:/STUDIUM/Term4/Project/Repo/OpenIGTLink/Source/VideoStreaming/igtlVideoMetaMessage.h...
  Parsing file D:/STUDIUM/Term4/Project/Repo/OpenIGTLink/Source/VideoStreaming/igtlVideoMetaMessage.h...
  Preprocessing D:/STUDIUM/Term4/Project/Repo/OpenIGTLink/Source/VideoStreaming/igtlVideoStreamIGTLinkReceiver.cxx...
  Parsing file D:/STUDIUM/Term4/Project/Repo/OpenIGTLink/Source/VideoStreaming/igtlVideoStreamIGTLinkReceiver.cxx...
  Preprocessing D:/STUDIUM/Term4/Project/Repo/OpenIGTLink/Source/VideoStreaming/igtlVideoStreamIGTLinkReceiver.h...
  Parsing file D:/STUDIUM/Term4/Project/Repo/OpenIGTLink/Source/VideoStreaming/igtlVideoStreamIGTLinkReceiver.h...
  Preprocessing D:/STUDIUM/Term4/Project/Repo/OpenIGTLink/Source/VideoStreaming/igtlVideoStreamIGTLinkServer.cxx...
  Parsing file D:/STUDIUM/Term4/Project/Repo/OpenIGTLink/Source/VideoStreaming/igtlVideoStreamIGTLinkServer.cxx...
  Preprocessing D:/STUDIUM/Term4/Project/Repo/OpenIGTLink/Source/VideoStreaming/igtlVideoStreamIGTLinkServer.h...
  Parsing file D:/STUDIUM/Term4/Project/Repo/OpenIGTLink/Source/VideoStreaming/igtlVideoStreamIGTLinkServer.h...
  Preprocessing D:/STUDIUM/Term4/Project/Repo/OpenIGTLink/Source/VideoStreaming/igtlVP9Decoder.cxx...
  Parsing file D:/STUDIUM/Term4/Project/Repo/OpenIGTLink/Source/VideoStreaming/igtlVP9Decoder.cxx...
  Preprocessing D:/STUDIUM/Term4/Project/Repo/OpenIGTLink/Source/VideoStreaming/igtlVP9Decoder.h...
  Parsing file D:/STUDIUM/Term4/Project/Repo/OpenIGTLink/Source/VideoStreaming/igtlVP9Decoder.h...
  Preprocessing D:/STUDIUM/Term4/Project/Repo/OpenIGTLink/Source/VideoStreaming/igtlVP9Encoder.cxx...
  D:/STUDIUM/Term4/Project/Repo/OpenIGTLink/Source/igtlCreateObjectFunction.h:38: warning: Found non-existing group 'IGTLSystemObjects' for the command '@ingroup', ignoring command
  D:/STUDIUM/Term4/Project/Repo/OpenIGTLink/Source/igtlCreateObjectFunction.h:61: warning: Found non-existing group 'IGTLSystemObjects' for the command '@ingroup', ignoring command
  D:/STUDIUM/Term4/Project/Repo/OpenIGTLink/Source/igtlFastMutexLock.h:43: warning: Found non-existing group 'OSSystemObjects' for the command '@ingroup', ignoring command
  D:/STUDIUM/Term4/Project/Repo/OpenIGTLink/Source/igtlLightObject.h:44: warning: Found non-existing group 'IGTLSystemObjects' for the command '@ingroup', ignoring command
  D:/STUDIUM/Term4/Project/Repo/OpenIGTLink/Source/igtlLightObject.h:44: warning: Found non-existing group 'DataRepresentation' for the command '@ingroup', ignoring command
  D:/STUDIUM/Term4/Project/Repo/OpenIGTLink/Source/igtlMutexLock.h:74: warning: Found non-existing group 'OSSystemObjects' for the command '@ingroup', ignoring command
  D:/STUDIUM/Term4/Project/Repo/OpenIGTLink/Source/igtlMutexLock.h:120: warning: Found non-existing group 'OSSystemObjects' for the command '@ingroup', ignoring command
  D:/STUDIUM/Term4/Project/Repo/OpenIGTLink/Source/igtlObject.h:48: warning: Found non-existing group 'IGTLSystemObjects' for the command '@ingroup', ignoring command
  D:/STUDIUM/Term4/Project/Repo/OpenIGTLink/Source/igtlObject.h:48: warning: Found non-existing group 'DataRepresentation' for the command '@ingroup', ignoring command
  D:/STUDIUM/Term4/Project/Repo/OpenIGTLink/Source/igtlObjectFactory.h:41: warning: Found non-existing group 'IGTLSystemObjects' for the command '@ingroup', ignoring command
  D:/STUDIUM/Term4/Project/Repo/OpenIGTLink/Source/igtlObjectFactoryBase.h:43: warning: Found non-existing group 'IGTLSystemObjects' for the command '@ingroup', ignoring command
  D:/STUDIUM/Term4/Project/Repo/OpenIGTLink/Source/igtlSimpleFastMutexLock.h:76: warning: Found non-existing group 'OSSystemObjects' for the command '@ingroup', ignoring command
  D:/STUDIUM/Term4/Project/Repo/OpenIGTLink/Source/igtlSmartPointer.h:39: warning: Found non-existing group 'IGTLSystemObjects' for the command '@ingroup', ignoring command
  D:/STUDIUM/Term4/Project/Repo/OpenIGTLink/Source/igtlSmartPointer.h:39: warning: Found non-existing group 'DataAccess' for the command '@ingroup', ignoring command
  D:/STUDIUM/Term4/Project/Repo/OpenIGTLink/Source/igtlTrajectoryMessage.cxx:237: warning: documented symbol 'void igtl::TrajectoryMessage::ClearTrajectoryElement' was not declared or defined.
  Parsing file D:/STUDIUM/Term4/Project/Repo/OpenIGTLink/Source/VideoStreaming/igtlVP9Encoder.cxx...
  Preprocessing D:/STUDIUM/Term4/Project/Repo/OpenIGTLink/Source/VideoStreaming/igtlVP9Encoder.h...
  Parsing file D:/STUDIUM/Term4/Project/Repo/OpenIGTLink/Source/VideoStreaming/igtlVP9Encoder.h...
  Preprocessing D:/STUDIUM/Term4/Project/Repo/OpenIGTLink/Source/WebSocket/igtlWebClientSocket.cxx...
  Parsing file D:/STUDIUM/Term4/Project/Repo/OpenIGTLink/Source/WebSocket/igtlWebClientSocket.cxx...
  Preprocessing D:/STUDIUM/Term4/Project/Repo/OpenIGTLink/Source/WebSocket/igtlWebClientSocket.h...
  Parsing file D:/STUDIUM/Term4/Project/Repo/OpenIGTLink/Source/WebSocket/igtlWebClientSocket.h...
  Preprocessing D:/STUDIUM/Term4/Project/Repo/OpenIGTLink/Source/WebSocket/igtlWebServerSocket.cxx...
  Parsing file D:/STUDIUM/Term4/Project/Repo/OpenIGTLink/Source/WebSocket/igtlWebServerSocket.cxx...
  Preprocessing D:/STUDIUM/Term4/Project/Repo/OpenIGTLink/Source/WebSocket/igtlWebServerSocket.h...
  Parsing file D:/STUDIUM/Term4/Project/Repo/OpenIGTLink/Source/WebSocket/igtlWebServerSocket.h...
  Preprocessing D:/STUDIUM/Term4/Project/Repo/OpenIGTLink/Documents/Doxygen/MainPage.dox...
  Parsing file D:/STUDIUM/Term4/Project/Repo/OpenIGTLink/Documents/Doxygen/MainPage.dox...
  Preprocessing D:/STUDIUM/Term4/Project/Repo/OpenIGTLink/Documents/Doxygen/Modules.dox...
  Parsing file D:/STUDIUM/Term4/Project/Repo/OpenIGTLink/Documents/Doxygen/Modules.dox...
  Building macro definition list...
  Building group list...
  Building directory list...
  Building namespace list...
  Building file list...
  Building class list...
  Building concept list...
  Computing nesting relations for classes...
  Associating documentation with classes...
  Associating documentation with concepts...
  Associating documentation with modules...
  Building example list...
  Searching for enumerations...
  Searching for documented typedefs...
  Searching for members imported via using declarations...
  Searching for included using directives...
  Searching for documented variables...
  Building interface member list...
  Building member list...
  Searching for friends...
  Searching for documented defines...
  Computing class inheritance relations...
  Computing class usage relations...
  Flushing cached template relations that have become invalid...
  Warn for undocumented namespaces...
  Computing class relations...
  Add enum values to enums...
  Searching for member function documentation...
  Creating members for template instances...
  Building page list...
  Search for main page...
  Computing page relations...
  Determining the scope of groups...
  Computing module relations...
  Sorting lists...
  Determining which enums are documented
  Computing member relations...
  Building full member lists recursively...
  Adding members to member groups.
  Distributing member group documentation.
  Computing member references...
  Inheriting documentation...
  Generating disk names...
  Adding source references...
  Adding xrefitems...
  Sorting member lists...
  Setting anonymous enum type...
  Computing dependencies between directories...
  Generating citations page...
  Counting members...
  Counting data structures...
  Resolving user defined references...
  Finding anchors and sections in the documentation...
  Transferring function references...
  Combining using relations...
  Adding members to index pages...
  Correcting members for VHDL...
  Computing tooltip texts...
  Generating style sheet...
  Generating search indices...
  Generating example documentation...
  Generating file sources...
  Parsing code for file MainPage.dox...
  Parsing code for file Modules.dox...
  Generating code for file igtlBindMessage.cxx...
  Generating code for file igtlBindMessage.h...
  Generating code for file igtlCapabilityMessage.cxx...
  Generating code for file igtlCapabilityMessage.h...
  Generating code for file igtlClientSocket.cxx...
  Generating code for file igtlClientSocket.h...
  Generating code for file igtlColorTableMessage.cxx...
  Generating code for file igtlColorTableMessage.h...
  Generating code for file igtlCommandMessage.cxx...
  Generating code for file igtlCommandMessage.h...
  Generating code for file igtlCommon.h...
  Generating code for file igtlConditionVariable.cxx...
  Generating code for file igtlConditionVariable.h...
  Generating code for file igtlCreateObjectFunction.h...
  Generating code for file igtlFastMutexLock.cxx...
  Generating code for file igtlFastMutexLock.h...
  Generating code for file igtlGeneralSocket.cxx...
  Generating code for file igtlGeneralSocket.h...
  Generating code for file igtlImageMessage.cxx...
  Generating code for file igtlImageMessage.h...
  Generating code for file igtlImageMessage2.cxx...
  Generating code for file igtlImageMessage2.h...
  Generating code for file igtlImageMetaMessage.cxx...
  Generating code for file igtlImageMetaMessage.h...
  Generating code for file igtlLabelMetaMessage.cxx...
  Generating code for file igtlLabelMetaMessage.h...
  Generating code for file igtlLightObject.cxx...
  Generating code for file igtlLightObject.h...
  Generating code for file igtlMacro.h...
  Generating code for file igtlMath.cxx...
  Generating code for file igtlMath.h...
  Generating code for file igtlMessageBase.cxx...
  Generating code for file igtlMessageBase.h...
  Generating code for file igtlMessageDebugFunction.h...
  Generating code for file igtlMessageFactory.cxx...
  Generating code for file igtlMessageFactory.h...
  Generating code for file igtlMessageHandler.h...
  Generating code for file igtlMessageHandlerMacro.h...
  Generating code for file igtlMessageHeader.h...
  Generating code for file igtlMessageRTPWrapper.cxx...
  Generating code for file igtlMessageRTPWrapper.h...
  Generating code for file igtlMultiThreader.cxx...
  Generating code for file igtlMultiThreader.h...
  Generating code for file igtlMutexLock.cxx...
  Generating code for file igtlMutexLock.h...
  Generating code for file igtlNDArrayMessage.cxx...
  Generating code for file igtlNDArrayMessage.h...
  Generating code for file igtlObject.cxx...
  Generating code for file igtlObject.h...
  Generating code for file igtlObjectFactory.h...
  Generating code for file igtlObjectFactoryBase.cxx...
  Generating code for file igtlObjectFactoryBase.h...
  Generating code for file igtlOSUtil.cxx...
  Generating code for file igtlOSUtil.h...
  Generating code for file igtlPointMessage.cxx...
  Generating code for file igtlPointMessage.h...
  Generating code for file igtlPolyDataMessage.cxx...
  Generating code for file igtlPolyDataMessage.h...
  Generating code for file igtlPositionMessage.cxx...
  Generating code for file igtlPositionMessage.h...
  Generating code for file igtlQuaternionTrackingDataMessage.cxx...
  Generating code for file igtlQuaternionTrackingDataMessage.h...
  Generating code for file igtlQueryMessage.cxx...
  Generating code for file igtlQueryMessage.h...
  Generating code for file igtlSensorMessage.cxx...
  Generating code for file igtlSensorMessage.h...
  Generating code for file igtlServerSocket.cxx...
  Generating code for file igtlServerSocket.h...
  Generating code for file igtlSessionManager.cxx...
  Generating code for file igtlSessionManager.h...
  Generating code for file igtlSimpleFastMutexLock.cxx...
  Generating code for file igtlSimpleFastMutexLock.h...
  Generating code for file igtlSmartPointer.h...
  Generating code for file igtlSocket.cxx...
  Generating code for file igtlSocket.h...
  Generating code for file igtlStatusMessage.cxx...
  Generating code for file igtlStatusMessage.h...
  Generating code for file igtlStringMessage.cxx...
  Generating code for file igtlStringMessage.h...
  Generating code for file igtlTimeStamp.cxx...
  Generating code for file igtlTimeStamp.h...
  Generating code for file igtlTrackingDataMessage.cxx...
  Generating code for file igtlTrackingDataMessage.h...
  Generating code for file igtlTrajectoryMessage.cxx...
  Generating code for file igtlTrajectoryMessage.h...
  Generating code for file igtlTransformMessage.cxx...
  Generating code for file igtlTransformMessage.h...
  Generating code for file igtlTypes.h...
  Generating code for file igtlUDPClientSocket.cxx...
  Generating code for file igtlUDPClientSocket.h...
  Generating code for file igtlUDPServerSocket.cxx...
  Generating code for file igtlUDPServerSocket.h...
  Generating code for file igtlUnit.cxx...
  Generating code for file igtlUnit.h...
  Generating code for file igtl_bind.c...
  Generating code for file igtl_bind.h...
  Generating code for file igtl_capability.c...
  Generating code for file igtl_capability.h...
  Generating code for file igtl_colortable.c...
  Generating code for file igtl_colortable.h...
  Generating code for file igtl_command.c...
  Generating code for file igtl_command.h...
  Generating code for file igtl_header.c...
  Generating code for file igtl_header.h...
  Generating code for file igtl_image.c...
  Generating code for file igtl_image.h...
  Generating code for file igtl_imgmeta.c...
  Generating code for file igtl_imgmeta.h...
  Generating code for file igtl_lbmeta.c...
  Generating code for file igtl_lbmeta.h...
  Generating code for file igtl_ndarray.c...
  Generating code for file igtl_ndarray.h...
  Generating code for file igtl_point.c...
  Generating code for file igtl_point.h...
  Generating code for file igtl_polydata.c...
  Generating code for file igtl_polydata.h...
  Generating code for file igtl_position.c...
  Generating code for file igtl_position.h...
  Generating code for file igtl_qtdata.c...
  Generating code for file igtl_qtdata.h...
  Generating code for file igtl_qtrans.c...
  Generating code for file igtl_qtrans.h...
  Generating code for file igtl_query.c...
  Generating code for file igtl_query.h...
  Generating code for file igtl_sensor.c...
  Generating code for file igtl_sensor.h...
  Generating code for file igtl_status.c...
  Generating code for file igtl_status.h...
  Generating code for file igtl_string.c...
  Generating code for file igtl_string.h...
  Generating code for file igtl_tdata.c...
  Generating code for file igtl_tdata.h...
  Generating code for file igtl_trajectory.c...
  Generating code for file igtl_trajectory.h...
  Generating code for file igtl_transform.c...
  Generating code for file igtl_transform.h...
  Generating code for file igtl_types.h...
  Generating code for file igtl_unit.c...
  Generating code for file igtl_unit.h...
  Generating code for file igtl_util.c...
  Generating code for file igtl_util.h...
  Generating code for file igtl_win32header.h...
  Generating code for file igtlWin32Header.h...
  Generating code for file igtlWindows.h...
  Generating code for file igtl_video.c...
  Generating code for file igtl_video.h...
  Generating code for file igtl_videometa.c...
  Generating code for file igtl_videometa.h...
  Generating code for file igtlAV1Decoder.cxx...
  Generating code for file igtlAV1Decoder.h...
  Generating code for file igtlAV1Encoder.cxx...
  Generating code for file igtlAV1Encoder.h...
  Generating code for file igtlCodecCommonClasses.cxx...
  Generating code for file igtlCodecCommonClasses.h...
  Generating code for file igtlH264Decoder.cxx...
  Generating code for file igtlH264Decoder.h...
  Generating code for file igtlH264Encoder.cxx...
  Generating code for file igtlH264Encoder.h...
  Generating code for file igtlH265Decoder.cxx...
  Generating code for file igtlH265Decoder.h...
  Generating code for file igtlH265Encoder.cxx...
  Generating code for file igtlH265Encoder.h...
  Generating code for file igtlI420Decoder.cxx...
  Generating code for file igtlI420Decoder.h...
  Generating code for file igtlI420Encoder.cxx...
  Generating code for file igtlI420Encoder.h...
  Generating code for file igtlVideoMessage.cxx...
  Generating code for file igtlVideoMessage.h...
  Generating code for file igtlVideoMetaMessage.cxx...
  Generating code for file igtlVideoMetaMessage.h...
  Generating code for file igtlVideoStreamIGTLinkReceiver.cxx...
  Generating code for file igtlVideoStreamIGTLinkReceiver.h...
  Generating code for file igtlVideoStreamIGTLinkServer.cxx...
  Generating code for file igtlVideoStreamIGTLinkServer.h...
  Generating code for file igtlVP9Decoder.cxx...
  Generating code for file igtlVP9Decoder.h...
  Generating code for file igtlVP9Encoder.cxx...
  Generating code for file igtlVP9Encoder.h...
  Generating code for file igtlWebClientSocket.cxx...
  Generating code for file igtlWebClientSocket.h...
  Generating code for file igtlWebServerSocket.cxx...
  Generating code for file igtlWebServerSocket.h...
  Generating file documentation...
  Generating docs for file MainPage.dox...
  Generating docs for file Modules.dox...
  Generating docs for file igtlBindMessage.cxx...
  D:/STUDIUM/Term4/Project/Repo/OpenIGTLink/Source/igtlMacro.h:488: warning: explicit link request to 'include' could not be resolved
  D:/STUDIUM/Term4/Project/Repo/OpenIGTLink/Source/igtlMacro.h:489: warning: explicit link request to 'includes' could not be resolved
  D:/STUDIUM/Term4/Project/Repo/OpenIGTLink/Source/igtlMacro.h:300: warning: explicit link request to 'defines' could not be resolved
  Generating docs for file igtlBindMessage.h...
  Generating docs for file igtlCapabilityMessage.cxx...
  Generating docs for file igtlCapabilityMessage.h...
  Generating docs for file igtlClientSocket.cxx...
  Generating docs for file igtlClientSocket.h...
  Generating docs for file igtlColorTableMessage.cxx...
  Generating docs for file igtlColorTableMessage.h...
  Generating docs for file igtlCommandMessage.cxx...
  Generating docs for file igtlCommandMessage.h...
  Generating docs for file igtlCommon.h...
  Generating docs for file igtlConditionVariable.cxx...
  Generating docs for file igtlConditionVariable.h...
  Generating docs for file igtlCreateObjectFunction.h...
  Generating docs for file igtlFastMutexLock.cxx...
  Generating docs for file igtlFastMutexLock.h...
  Generating docs for file igtlGeneralSocket.cxx...
  Generating docs for file igtlGeneralSocket.h...
  Generating docs for file igtlImageMessage.cxx...
  Generating docs for file igtlImageMessage.h...
  Generating docs for file igtlImageMessage2.cxx...
  Generating docs for file igtlImageMessage2.h...
  Generating docs for file igtlImageMetaMessage.cxx...
  Generating docs for file igtlImageMetaMessage.h...
  Generating docs for file igtlLabelMetaMessage.cxx...
  Generating docs for file igtlLabelMetaMessage.h...
  Generating docs for file igtlLightObject.cxx...
  Generating docs for file igtlLightObject.h...
  Generating docs for file igtlMacro.h...
  Generating docs for file igtlMath.cxx...
  Generating docs for file igtlMath.h...
  Generating docs for file igtlMessageBase.cxx...
  Generating docs for file igtlMessageBase.h...
  Generating docs for file igtlMessageDebugFunction.h...
  Generating docs for file igtlMessageFactory.cxx...
  Generating docs for file igtlMessageFactory.h...
  Generating docs for file igtlMessageHandler.h...
  Generating docs for file igtlMessageHandlerMacro.h...
  Generating docs for file igtlMessageHeader.h...
  Generating docs for file igtlMessageRTPWrapper.cxx...
  Generating docs for file igtlMessageRTPWrapper.h...
  Generating docs for file igtlMultiThreader.cxx...
  Generating docs for file igtlMultiThreader.h...
  Generating docs for file igtlMutexLock.cxx...
  Generating docs for file igtlMutexLock.h...
  Generating docs for file igtlNDArrayMessage.cxx...
  Generating docs for file igtlNDArrayMessage.h...
  Generating docs for file igtlObject.cxx...
  Generating docs for file igtlObject.h...
  Generating docs for file igtlObjectFactory.h...
  Generating docs for file igtlObjectFactoryBase.cxx...
  Generating docs for file igtlObjectFactoryBase.h...
  Generating docs for file igtlOSUtil.cxx...
  Generating docs for file igtlOSUtil.h...
  Generating docs for file igtlPointMessage.cxx...
  Generating docs for file igtlPointMessage.h...
  Generating docs for file igtlPolyDataMessage.cxx...
  Generating docs for file igtlPolyDataMessage.h...
  Generating docs for file igtlPositionMessage.cxx...
  Generating docs for file igtlPositionMessage.h...
  Generating docs for file igtlQuaternionTrackingDataMessage.cxx...
  Generating docs for file igtlQuaternionTrackingDataMessage.h...
  Generating docs for file igtlQueryMessage.cxx...
  Generating docs for file igtlQueryMessage.h...
  Generating docs for file igtlSensorMessage.cxx...
  Generating docs for file igtlSensorMessage.h...
  Generating docs for file igtlServerSocket.cxx...
  Generating docs for file igtlServerSocket.h...
  Generating docs for file igtlSessionManager.cxx...
  Generating docs for file igtlSessionManager.h...
  Generating docs for file igtlSimpleFastMutexLock.cxx...
  Generating docs for file igtlSimpleFastMutexLock.h...
  Generating docs for file igtlSmartPointer.h...
  Generating docs for file igtlSocket.cxx...
  Generating docs for file igtlSocket.h...
  Generating docs for file igtlStatusMessage.cxx...
  Generating docs for file igtlStatusMessage.h...
  Generating docs for file igtlStringMessage.cxx...
  Generating docs for file igtlStringMessage.h...
  Generating docs for file igtlTimeStamp.cxx...
  Generating docs for file igtlTimeStamp.h...
  Generating docs for file igtlTrackingDataMessage.cxx...
  Generating docs for file igtlTrackingDataMessage.h...
  Generating docs for file igtlTrajectoryMessage.cxx...
  D:/STUDIUM/Term4/Project/Repo/OpenIGTLink/Source/igtlWindows.h:31: warning: explicit link request to 'define' could not be resolved
  D:/STUDIUM/Term4/Project/Repo/OpenIGTLink/Source/VideoStreaming/igtlH264Decoder.h:15: warning: Found unknown command '\copy'
  D:/STUDIUM/Term4/Project/Repo/OpenIGTLink/Source/VideoStreaming/igtlH264Encoder.cxx:15: warning: Found unknown command '\copy'
  D:/STUDIUM/Term4/Project/Repo/OpenIGTLink/Source/VideoStreaming/igtlH264Encoder.h:15: warning: Found unknown command '\copy'
  Generating docs for file igtlTrajectoryMessage.h...
  Generating docs for file igtlTransformMessage.cxx...
  Generating docs for file igtlTransformMessage.h...
  Generating docs for file igtlTypes.h...
  Generating docs for file igtlUDPClientSocket.cxx...
  Generating docs for file igtlUDPClientSocket.h...
  Generating docs for file igtlUDPServerSocket.cxx...
  Generating docs for file igtlUDPServerSocket.h...
  Generating docs for file igtlUnit.cxx...
  Generating docs for file igtlUnit.h...
  Generating docs for file igtl_bind.c...
  Generating docs for file igtl_bind.h...
  Generating docs for file igtl_capability.c...
  Generating docs for file igtl_capability.h...
  Generating docs for file igtl_colortable.c...
  Generating docs for file igtl_colortable.h...
  Generating docs for file igtl_command.c...
  Generating docs for file igtl_command.h...
  Generating docs for file igtl_header.c...
  Generating docs for file igtl_header.h...
  Generating docs for file igtl_image.c...
  Generating docs for file igtl_image.h...
  Generating docs for file igtl_imgmeta.c...
  Generating docs for file igtl_imgmeta.h...
  Generating docs for file igtl_lbmeta.c...
  Generating docs for file igtl_lbmeta.h...
  Generating docs for file igtl_ndarray.c...
  Generating docs for file igtl_ndarray.h...
  Generating docs for file igtl_point.c...
  Generating docs for file igtl_point.h...
  Generating docs for file igtl_polydata.c...
  Generating docs for file igtl_polydata.h...
  Generating docs for file igtl_position.c...
  Generating docs for file igtl_position.h...
  Generating docs for file igtl_qtdata.c...
  Generating docs for file igtl_qtdata.h...
  Generating docs for file igtl_qtrans.c...
  Generating docs for file igtl_qtrans.h...
  Generating docs for file igtl_query.c...
  Generating docs for file igtl_query.h...
  Generating docs for file igtl_sensor.c...
  Generating docs for file igtl_sensor.h...
  Generating docs for file igtl_status.c...
  Generating docs for file igtl_status.h...
  Generating docs for file igtl_string.c...
  Generating docs for file igtl_string.h...
  Generating docs for file igtl_tdata.c...
  Generating docs for file igtl_tdata.h...
  Generating docs for file igtl_trajectory.c...
  Generating docs for file igtl_trajectory.h...
  Generating docs for file igtl_transform.c...
  Generating docs for file igtl_transform.h...
  Generating docs for file igtl_types.h...
  Generating docs for file igtl_unit.c...
  Generating docs for file igtl_unit.h...
  Generating docs for file igtl_util.c...
  Generating docs for file igtl_util.h...
  Generating docs for file igtl_win32header.h...
  Generating docs for file igtlWin32Header.h...
  Generating docs for file igtlWindows.h...
  Generating docs for file igtl_video.c...
  Generating docs for file igtl_video.h...
  Generating docs for file igtl_videometa.c...
  Generating docs for file igtl_videometa.h...
  Generating docs for file igtlAV1Decoder.cxx...
  Generating docs for file igtlAV1Decoder.h...
  Generating docs for file igtlAV1Encoder.cxx...
  Generating docs for file igtlAV1Encoder.h...
  Generating docs for file igtlCodecCommonClasses.cxx...
  Generating docs for file igtlCodecCommonClasses.h...
  Generating docs for file igtlH264Decoder.cxx...
  Generating docs for file igtlH264Decoder.h...
  Generating docs for file igtlH264Encoder.cxx...
  Generating docs for file igtlH264Encoder.h...
  Generating docs for file igtlH265Decoder.cxx...
  Generating docs for file igtlH265Decoder.h...
  Generating docs for file igtlH265Encoder.cxx...
  Generating docs for file igtlH265Encoder.h...
  Generating docs for file igtlI420Decoder.cxx...
  Generating docs for file igtlI420Decoder.h...
  Generating docs for file igtlI420Encoder.cxx...
  Generating docs for file igtlI420Encoder.h...
  Generating docs for file igtlVideoMessage.cxx...
  Generating docs for file igtlVideoMessage.h...
  Generating docs for file igtlVideoMetaMessage.cxx...
  Generating docs for file igtlVideoMetaMessage.h...
  Generating docs for file igtlVideoStreamIGTLinkReceiver.cxx...
  Generating docs for file igtlVideoStreamIGTLinkReceiver.h...
  Generating docs for file igtlVideoStreamIGTLinkServer.cxx...
  Generating docs for file igtlVideoStreamIGTLinkServer.h...
  Generating docs for file igtlVP9Decoder.cxx...
  D:/STUDIUM/Term4/Project/Repo/OpenIGTLink/Source/igtlSmartPointer.h:48: warning: Found unknown command '\SmartPointerTest'
  D:/STUDIUM/Term4/Project/Repo/OpenIGTLink/Source/igtlObjectFactoryBase.cxx:95: warning: Unsupported xml/html tag <map> found
  D:/STUDIUM/Term4/Project/Repo/OpenIGTLink/Source/VideoStreaming/igtlH264Decoder.cxx:23: warning: Found unknown command '\copy'
  Generating docs for file igtlVP9Decoder.h...
  Generating docs for file igtlVP9Encoder.cxx...
  Generating docs for file igtlVP9Encoder.h...
  Generating docs for file igtlWebClientSocket.cxx...
  Generating docs for file igtlWebClientSocket.h...
  Generating docs for file igtlWebServerSocket.cxx...
  Generating docs for file igtlWebServerSocket.h...
  Generating page documentation...
  Generating group documentation...
  Generating class documentation...
  Generating docs for compound action...
  Generating docs for compound igtl_bind_child_info...
  Generating docs for compound igtl_bind_info...
  Generating docs for compound igtl_capability_info...
  Generating docs for compound igtl_colortable_header...
  Generating docs for compound igtl_command_header...
  Generating docs for compound igtl_frame_header...
  Generating docs for compound igtl_header...
  Generating docs for compound igtl_image_header...
  Generating docs for compound igtl_imgmeta_element...
  Generating docs for compound igtl_lbmeta_element...
  Generating docs for compound igtl_ndarray_info...
  Generating docs for compound igtl_point_element...
  Generating docs for compound igtl_polydata_attribute...
  Generating docs for compound igtl_polydata_attribute_header...
  Generating docs for compound igtl_polydata_header...
  Generating docs for compound igtl_polydata_info...
  Generating docs for compound igtl_position...
  Generating docs for compound igtl_qtdata_element...
  Generating docs for compound igtl_qtrans...
  Generating docs for compound igtl_query_header...
  Generating docs for compound igtl_rts_qtdata...
  Generating docs for compound igtl_rts_tdata...
  Generating docs for compound igtl_sensor_header...
  Generating docs for compound igtl_status_header...
  Generating docs for compound igtl_string_header...
  Generating docs for compound igtl_stt_qtdata...
  Generating docs for compound igtl_stt_tdata...
  Generating docs for compound igtl_stt_video...
  Generating docs for compound igtl_tdata_element...
  Generating docs for compound igtl_trajectory_element...
  Generating docs for compound igtl_unit_data...
  Generating docs for compound igtl_videometa_element...
  Generating docs for compound SmartPointer< TObjectType >...
  Generating docs for compound Socket...
  Generating docs for compound StringOverMap...
  Generating docs for compound webSocketClient...
  Generating docs for compound webSocketServer...
  Generating concept documentation...
  Generating module documentation...
  Generating namespace documentation...
  Generating docs for namespace igtl
  Generating docs for compound igtl::AomInterfaceDecoder...
  Generating docs for compound igtl::AomInterfaceEncoder...
  Generating docs for compound igtl::Array< T >...
  Generating docs for compound igtl::ArrayBase...
  Generating docs for compound igtl::BindMessage...
  Generating docs for compound igtl::BindMessageBase...
  Generating docs for nested compound igtl::BindMessageBase::_ChildMessageInfo...
  Generating docs for compound igtl::CapabilityMessage...
  Generating docs for compound igtl::ClientDest...
  Generating docs for compound igtl::ClientSocket...
  Generating docs for compound igtl::ColorTableMessage...
  Generating docs for compound igtl::CommandMessage...
  Generating docs for compound igtl::ConditionVariable...
  Generating docs for compound igtl::CreateObjectFunction< T >...
  Generating docs for compound igtl::CreateObjectFunctionBase...
  Generating docs for compound igtl::FastMutexLock...
  Generating docs for compound igtl::GeneralSocket...
  Generating docs for compound igtl::GenericDecoder...
  Generating docs for compound igtl::GenericEncoder...
  Generating docs for compound igtl::GetBindMessage...
  Generating docs for compound igtl::GetColorTableMessage...
  Generating docs for compound igtl::GetImageMessage...
  Generating docs for compound igtl::GetImageMessage2...
  Generating docs for compound igtl::GetImageMetaMessage...
  Generating docs for compound igtl::GetLabelMetaMessage...
  Generating docs for compound igtl::GetPointMessage...
  Generating docs for compound igtl::GetPolyDataMessage...
  Generating docs for compound igtl::GetStatusMessage...
  D:/STUDIUM/Term4/Project/Repo/OpenIGTLink/Source/igtlObject.cxx:508: warning: found documented return type for igtl::Object::Object that does not return anything
  D:/STUDIUM/Term4/Project/Repo/OpenIGTLink/Source/igtlPolyDataMessage.h:195: warning: Unsupported xml/html tag <number> found
  D:/STUDIUM/Term4/Project/Repo/OpenIGTLink/Source/igtlPolyDataMessage.h:195: warning: Unsupported xml/html tag <point> found
  D:/STUDIUM/Term4/Project/Repo/OpenIGTLink/Source/igtlPolyDataMessage.h:196: warning: Unsupported xml/html tag <point> found
  Generating docs for compound igtl::GetTrajectoryMessage...
  Generating docs for compound igtl::GetTransformMessage...
  Generating docs for compound igtl::GetVideoMetaMessage...
  Generating docs for compound igtl::GroupDest...
  Generating docs for compound igtl::H264Decoder...
  Generating docs for compound igtl::H264Encoder...
  Generating docs for compound igtl::H265Decoder...
  Generating docs for nested compound igtl::H265Decoder::Info...
  Generating docs for compound igtl::H265Encoder...
  Generating docs for compound igtl::HeaderOnlyMessageBase...
  Generating docs for compound igtl::I420Decoder...
  Generating docs for compound igtl::I420Encoder...
  Generating docs for compound igtl::igtlAV1Decoder...
  Generating docs for compound igtl::igtlAV1Encoder...
  Generating docs for compound igtl::ImageMessage...
  Generating docs for compound igtl::ImageMessage2...
  Generating docs for compound igtl::ImageMetaElement...
  Generating docs for compound igtl::ImageMetaMessage...
  Generating docs for compound igtl::LabelMetaElement...
  Generating docs for compound igtl::LabelMetaMessage...
  Generating docs for compound igtl::LayerpEncCtx_s...
  Generating docs for compound igtl::LightObject...
  Generating docs for compound igtl::MessageBase...
  Generating docs for compound igtl::MessageFactory...
  Generating docs for compound igtl::MessageHandler...
  Generating docs for compound igtl::MessageRTPWrapper...
  Generating docs for compound igtl::MultiThreader...
  Generating docs for nested compound igtl::MultiThreader::ThreadInfo...
  Generating docs for compound igtl::MutexLock...
  Generating docs for compound igtl::NDArrayMessage...
  Generating docs for compound igtl::Object...
  Generating docs for compound igtl::ObjectFactory< T >...
  Generating docs for compound igtl::ObjectFactoryBase...
  Generating docs for nested compound igtl::ObjectFactoryBase::OverrideInformation...
  Generating docs for compound igtl::OStringStream...
  Generating docs for compound igtl::OverRideMap...
  Generating docs for compound igtl::PacketBuffer...
  Generating docs for compound igtl::PointElement...
  Generating docs for compound igtl::PointMessage...
  Generating docs for compound igtl::PolyDataAttribute...
  Generating docs for compound igtl::PolyDataCellArray...
  Generating docs for compound igtl::PolyDataMessage...
  Generating docs for compound igtl::PolyDataPointArray...
  Generating docs for compound igtl::PositionMessage...
  Generating docs for compound igtl::QuaternionTrackingDataElement...
  Generating docs for compound igtl::QuaternionTrackingDataMessage...
  Generating docs for compound igtl::QueryMessage...
  Generating docs for compound igtl::ReadConfigFile...
  Generating docs for compound igtl::ReadSocketAndPush...
  Generating docs for compound igtl::ReorderBuffer...
  Generating docs for compound igtl::RTSBindMessage...
  Generating docs for compound igtl::RTSCommandMessage...
  Generating docs for compound igtl::RTSPolyDataMessage...
  Generating docs for compound igtl::RTSQuaternionTrackingDataMessage...
  Generating docs for compound igtl::RTSTrackingDataMessage...
  Generating docs for compound igtl::SensorMessage...
  Generating docs for compound igtl::serverPointer...
  Generating docs for compound igtl::ServerSocket...
  Generating docs for compound igtl::SessionManager...
  Generating docs for compound igtl::SimpleFastMutexLock...
  Generating docs for compound igtl::SimpleMutexLock...
  Generating docs for compound igtl::SmartPointer< TObjectType >...
  Generating docs for compound igtl::Socket...
  Generating docs for compound igtl::SourcePicture...
  Generating docs for compound igtl::StartBindMessage...
  Generating docs for compound igtl::StartPolyDataMessage...
  Generating docs for compound igtl::StartQuaternionTrackingDataMessage...
  Generating docs for compound igtl::StartTrackingDataMessage...
  Generating docs for compound igtl::StartVideoMessage...
  Generating docs for compound igtl::StatusMessage...
  Generating docs for compound igtl::StopBindMessage...
  Generating docs for compound igtl::StopImageMessage...
  Generating docs for compound igtl::StopPolyDataMessage...
  Generating docs for compound igtl::StopQuaternionTrackingDataMessage...
  Generating docs for compound igtl::StopTrackingDataMessage...
  Generating docs for compound igtl::StopVideoMessage...
  Generating docs for compound igtl::StringMessage...
  Generating docs for compound igtl::TimeStamp...
  Generating docs for compound igtl::TrackingDataElement...
  Generating docs for compound igtl::TrackingDataMessage...
  Generating docs for compound igtl::TrajectoryElement...
  Generating docs for compound igtl::TrajectoryMessage...
  Generating docs for compound igtl::TransformMessage...
  Generating docs for compound igtl::UDPClientSocket...
  Generating docs for compound igtl::UDPServerSocket...
  Generating docs for compound igtl::Unit...
  Generating docs for compound igtl::UnWrappedMessage...
  Generating docs for compound igtl::VideoMessage...
  Generating docs for compound igtl::VideoMessageHeader...
  Generating docs for compound igtl::VideoMetaElement...
  Generating docs for compound igtl::VideoMetaMessage...
  Generating docs for compound igtl::VideoStreamIGTLinkReceiver...
  Generating docs for compound igtl::VideoStreamIGTLinkServer...
  Generating docs for nested compound igtl::VideoStreamIGTLinkServer::encodedFrame...
  Generating docs for compound igtl::VP9Decoder...
  Generating docs for compound igtl::VP9Encoder...
  Generating docs for compound igtl::VpxInterfaceDecoder...
  Generating docs for compound igtl::VpxInterfaceEncoder...
  Generating docs for compound igtl::Wrapper...
  Generating graph info page...
  Generating directory documentation...
  Generating index page...
  Generating main page...
  Generating page index...
  Generating topic index...
  Generating module index...
  Generating module member index...
  Generating namespace index...
  Generating namespace member index...
  Generating concept index...
  Generating annotated compound index...
  Generating alphabetical compound index...
  Generating hierarchical class index...
  Generating member index...
  Generating file index...
  Generating file member index...
  Generating example index...
  finalizing index lists...
  writing tag file...
  Running plantuml with JAVA...
  type lookup cache used 10047/65536 hits=13323 misses=10334
  symbol lookup cache used 15599/65536 hits=93193 misses=15599
  finished...
