d:\studium\term4\project\repo\openigtlink-build\cmakefiles\generate.stamp
d:\studium\term4\project\repo\openigtlink-build\source\igtlutil\cmakefiles\generate.stamp
d:\studium\term4\project\repo\openigtlink-build\source\cmakefiles\generate.stamp
d:\studium\term4\project\repo\openigtlink-build\tools\cmakefiles\generate.stamp
d:\studium\term4\project\repo\openigtlink-build\testing\cmakefiles\generate.stamp
d:\studium\term4\project\repo\openigtlink-build\testing\igtlutil\cmakefiles\generate.stamp
d:\studium\term4\project\repo\openigtlink-build\examples\cmakefiles\generate.stamp
d:\studium\term4\project\repo\openigtlink-build\examples\tracker\cmakefiles\generate.stamp
d:\studium\term4\project\repo\openigtlink-build\examples\imager\cmakefiles\generate.stamp
d:\studium\term4\project\repo\openigtlink-build\examples\status\cmakefiles\generate.stamp
d:\studium\term4\project\repo\openigtlink-build\examples\receiver\cmakefiles\generate.stamp
d:\studium\term4\project\repo\openigtlink-build\examples\thread\cmakefiles\generate.stamp
d:\studium\term4\project\repo\openigtlink-build\examples\imagemeta\cmakefiles\generate.stamp
d:\studium\term4\project\repo\openigtlink-build\examples\point\cmakefiles\generate.stamp
d:\studium\term4\project\repo\openigtlink-build\examples\trackingdata\cmakefiles\generate.stamp
d:\studium\term4\project\repo\openigtlink-build\examples\quaterniontrackingdata\cmakefiles\generate.stamp
d:\studium\term4\project\repo\openigtlink-build\examples\imagedatabaseserver\cmakefiles\generate.stamp
d:\studium\term4\project\repo\openigtlink-build\examples\string\cmakefiles\generate.stamp
d:\studium\term4\project\repo\openigtlink-build\examples\bind\cmakefiles\generate.stamp
d:\studium\term4\project\repo\openigtlink-build\examples\polydata\cmakefiles\generate.stamp
d:\studium\term4\project\repo\openigtlink-build\examples\capability\cmakefiles\generate.stamp
d:\studium\term4\project\repo\openigtlink-build\examples\trajectory\cmakefiles\generate.stamp
d:\studium\term4\project\repo\openigtlink-build\examples\sessionmanager\cmakefiles\generate.stamp
d:\studium\term4\project\repo\openigtlink-build\examples\trackingdataudptransfer\cmakefiles\generate.stamp
d:\studium\term4\project\repo\openigtlink-build\documents\doxygen\cmakefiles\generate.stamp
d:\studium\term4\project\repo\openigtlink-build\win32\debug\zero_check\zero_check.tlog\custombuild.command.1.tlog
d:\studium\term4\project\repo\openigtlink-build\win32\debug\zero_check\zero_check.tlog\custombuild.read.1.tlog
d:\studium\term4\project\repo\openigtlink-build\win32\debug\zero_check\zero_check.tlog\custombuild.write.1.tlog
