  1>Checking Build System
  CMake is re-running because D:/STUDIUM/Term4/Project/Repo/OpenIGTLink-build/Documents/Doxygen/CMakeFiles/generate.stamp is out-of-date.
    the file 'D:/STUDIUM/Term4/Project/Repo/OpenIGTLink/Utilities/Doxygen/doxygen.config.in'
    is newer than 'D:/STUDIUM/Term4/Project/Repo/OpenIGTLink-build/Documents/Doxygen/CMakeFiles/generate.stamp.depend'
    result='-1'
  CMake Warning (dev) at CMakeLists.txt:1 (PROJECT):
    cmake_minimum_required() should be called prior to this top-level project()
    call.  Please see the cmake-commands(7) manual for usage documentation of
    both commands.
  This warning is for project developers.  Use -Wno-dev to suppress it.
  
  CMake Deprecation Warning at CMakeLists.txt:3 (CMAKE_MINIMUM_REQUIRED):
    Compatibility with CMake < 3.5 will be removed from a future version of
    CMake.
  
    Update the VERSION argument <min> value or use a ...<max> suffix to tell
    CMake that the project does not need compatibility with older versions.
  
  
  -- Checking for getsockname with socklen_t
  -- Checking for getsockname with socklen_t -- no
  CMake Deprecation Warning at Examples/CMakeLists.txt:1 (cmake_minimum_required):
    Compatibility with CMake < 3.5 will be removed from a future version of
    CMake.
  
    Update the VERSION argument <min> value or use a ...<max> suffix to tell
    CMake that the project does not need compatibility with older versions.
  
  
  CMake Deprecation Warning at Examples/Tracker/CMakeLists.txt:3 (cmake_minimum_required):
    Compatibility with CMake < 3.5 will be removed from a future version of
    CMake.
  
    Update the VERSION argument <min> value or use a ...<max> suffix to tell
    CMake that the project does not need compatibility with older versions.
  
  
  CMake Warning (dev) at D:/STUDIUM/Term4/Project/Repo/OpenIGTLink-build/OpenIGTLinkConfig.cmake:67 (include):
    Policy CMP0024 is not set: Disallow include export result.  Run "cmake
    --help-policy CMP0024" for policy details.  Use the cmake_policy command to
    set the policy and suppress this warning.
  
    The file
  
      D:/STUDIUM/Term4/Project/Repo/OpenIGTLink-build/OpenIGTLinkTargets.cmake
  
    was generated by the export() command.  It should not be used as the
    argument to the include() command.  Use ALIAS targets instead to refer to
    targets by alternative names.
  
  Call Stack (most recent call first):
    Examples/Tracker/CMakeLists.txt:8 (find_package)
  This warning is for project developers.  Use -Wno-dev to suppress it.
  
  CMake Deprecation Warning at Examples/Imager/CMakeLists.txt:3 (cmake_minimum_required):
    Compatibility with CMake < 3.5 will be removed from a future version of
    CMake.
  
    Update the VERSION argument <min> value or use a ...<max> suffix to tell
    CMake that the project does not need compatibility with older versions.
  
  
  CMake Deprecation Warning at Examples/Status/CMakeLists.txt:3 (cmake_minimum_required):
    Compatibility with CMake < 3.5 will be removed from a future version of
    CMake.
  
    Update the VERSION argument <min> value or use a ...<max> suffix to tell
    CMake that the project does not need compatibility with older versions.
  
  
  CMake Deprecation Warning at Examples/Receiver/CMakeLists.txt:3 (cmake_minimum_required):
    Compatibility with CMake < 3.5 will be removed from a future version of
    CMake.
  
    Update the VERSION argument <min> value or use a ...<max> suffix to tell
    CMake that the project does not need compatibility with older versions.
  
  
  CMake Deprecation Warning at Examples/Thread/CMakeLists.txt:3 (cmake_minimum_required):
    Compatibility with CMake < 3.5 will be removed from a future version of
    CMake.
  
    Update the VERSION argument <min> value or use a ...<max> suffix to tell
    CMake that the project does not need compatibility with older versions.
  
  
  CMake Deprecation Warning at Examples/ImageMeta/CMakeLists.txt:3 (cmake_minimum_required):
    Compatibility with CMake < 3.5 will be removed from a future version of
    CMake.
  
    Update the VERSION argument <min> value or use a ...<max> suffix to tell
    CMake that the project does not need compatibility with older versions.
  
  
  CMake Deprecation Warning at Examples/Point/CMakeLists.txt:3 (cmake_minimum_required):
    Compatibility with CMake < 3.5 will be removed from a future version of
    CMake.
  
    Update the VERSION argument <min> value or use a ...<max> suffix to tell
    CMake that the project does not need compatibility with older versions.
  
  
  CMake Deprecation Warning at Examples/TrackingData/CMakeLists.txt:3 (cmake_minimum_required):
    Compatibility with CMake < 3.5 will be removed from a future version of
    CMake.
  
    Update the VERSION argument <min> value or use a ...<max> suffix to tell
    CMake that the project does not need compatibility with older versions.
  
  
  CMake Deprecation Warning at Examples/QuaternionTrackingData/CMakeLists.txt:3 (cmake_minimum_required):
    Compatibility with CMake < 3.5 will be removed from a future version of
    CMake.
  
    Update the VERSION argument <min> value or use a ...<max> suffix to tell
    CMake that the project does not need compatibility with older versions.
  
  
  CMake Deprecation Warning at Examples/ImageDatabaseServer/CMakeLists.txt:3 (cmake_minimum_required):
    Compatibility with CMake < 3.5 will be removed from a future version of
    CMake.
  
    Update the VERSION argument <min> value or use a ...<max> suffix to tell
    CMake that the project does not need compatibility with older versions.
  
  
  CMake Deprecation Warning at Examples/String/CMakeLists.txt:3 (cmake_minimum_required):
    Compatibility with CMake < 3.5 will be removed from a future version of
    CMake.
  
    Update the VERSION argument <min> value or use a ...<max> suffix to tell
    CMake that the project does not need compatibility with older versions.
  
  
  CMake Deprecation Warning at Examples/Bind/CMakeLists.txt:3 (cmake_minimum_required):
    Compatibility with CMake < 3.5 will be removed from a future version of
    CMake.
  
    Update the VERSION argument <min> value or use a ...<max> suffix to tell
    CMake that the project does not need compatibility with older versions.
  
  
  CMake Deprecation Warning at Examples/PolyData/CMakeLists.txt:3 (cmake_minimum_required):
    Compatibility with CMake < 3.5 will be removed from a future version of
    CMake.
  
    Update the VERSION argument <min> value or use a ...<max> suffix to tell
    CMake that the project does not need compatibility with older versions.
  
  
  CMake Deprecation Warning at Examples/Capability/CMakeLists.txt:3 (cmake_minimum_required):
    Compatibility with CMake < 3.5 will be removed from a future version of
    CMake.
  
    Update the VERSION argument <min> value or use a ...<max> suffix to tell
    CMake that the project does not need compatibility with older versions.
  
  
  CMake Deprecation Warning at Examples/Trajectory/CMakeLists.txt:3 (cmake_minimum_required):
    Compatibility with CMake < 3.5 will be removed from a future version of
    CMake.
  
    Update the VERSION argument <min> value or use a ...<max> suffix to tell
    CMake that the project does not need compatibility with older versions.
  
  
  CMake Deprecation Warning at Examples/SessionManager/CMakeLists.txt:3 (cmake_minimum_required):
    Compatibility with CMake < 3.5 will be removed from a future version of
    CMake.
  
    Update the VERSION argument <min> value or use a ...<max> suffix to tell
    CMake that the project does not need compatibility with older versions.
  
  
  CMake Deprecation Warning at Examples/TrackingDataUDPTransfer/CMakeLists.txt:3 (cmake_minimum_required):
    Compatibility with CMake < 3.5 will be removed from a future version of
    CMake.
  
    Update the VERSION argument <min> value or use a ...<max> suffix to tell
    CMake that the project does not need compatibility with older versions.
  
  
  -- Configuring done (1.4s)
  -- Generating done (3.1s)
  -- Build files have been written to: D:/STUDIUM/Term4/Project/Repo/OpenIGTLink-build
